This file contains any messages produced by compilers while
running configure, to aid debugging if configure makes a mistake.

It was created by asn1c configure 0.9.29, which was
generated by GNU Autoconf 2.71.  Invocation command line was

  $ ./configure

## --------- ##
## Platform. ##
## --------- ##

hostname = suman-VirtualBox
uname -m = x86_64
uname -r = 6.5.0-27-generic
uname -s = Linux
uname -v = #28~22.04.1-Ubuntu SMP PREEMPT_DYNAMIC Fri Mar 15 10:51:06 UTC 2

/usr/bin/uname -p = x86_64
/bin/uname -X     = unknown

/bin/arch              = x86_64
/usr/bin/arch -k       = unknown
/usr/convex/getsysinfo = unknown
/usr/bin/hostinfo      = unknown
/bin/machine           = unknown
/usr/bin/oslevel       = unknown
/bin/universe          = unknown

PATH: /usr/local/sbin/
PATH: /usr/local/bin/
PATH: /usr/sbin/
PATH: /usr/bin/
PATH: /sbin/
PATH: /bin/
PATH: /usr/games/
PATH: /usr/local/games/
PATH: /snap/bin/
PATH: /snap/bin/


## ----------- ##
## Core tests. ##
## ----------- ##

configure:3148: looking for aux files: config.guess config.sub ltmain.sh ar-lib compile missing install-sh
configure:3161:  trying ./config/
configure:3190:   ./config/config.guess found
configure:3190:   ./config/config.sub found
configure:3190:   ./config/ltmain.sh found
configure:3190:   ./config/ar-lib found
configure:3190:   ./config/compile found
configure:3190:   ./config/missing found
configure:3172:   ./config/install-sh found
configure:3323: checking for a BSD-compatible install
configure:3396: result: /usr/bin/install -c
configure:3407: checking whether build environment is sane
configure:3462: result: yes
configure:3621: checking for a race-free mkdir -p
configure:3665: result: /usr/bin/mkdir -p
configure:3672: checking for gawk
configure:3707: result: no
configure:3672: checking for mawk
configure:3693: found /usr/bin/mawk
configure:3704: result: mawk
configure:3715: checking whether make sets $(MAKE)
configure:3738: result: yes
configure:3768: checking whether make supports nested variables
configure:3786: result: yes
configure:3861: checking how to create a pax tar archive
configure:3872: tar --version
tar (GNU tar) 1.34
Copyright (C) 2021 Free Software Foundation, Inc.
License GPLv3+: GNU GPL version 3 or later <https://gnu.org/licenses/gpl.html>.
This is free software: you are free to change and redistribute it.
There is NO WARRANTY, to the extent permitted by law.

Written by John Gilmore and Jay Fenlason.
configure:3875: $? = 0
configure:3915: tardir=conftest.dir && eval tar --format=posix -chf - "$tardir" >conftest.tar
configure:3918: $? = 0
configure:3922: tar -xf - <conftest.tar
configure:3925: $? = 0
configure:3927: cat conftest.dir/file
GrepMe
configure:3930: $? = 0
configure:3944: result: gnutar
configure:4072: checking for gcc
configure:4093: found /usr/bin/gcc
configure:4104: result: gcc
configure:4457: checking for C compiler version
configure:4466: gcc --version >&5
gcc (Ubuntu 11.4.0-1ubuntu1~22.04) 11.4.0
Copyright (C) 2021 Free Software Foundation, Inc.
This is free software; see the source for copying conditions.  There is NO
warranty; not even for MERCHANTABILITY or FITNESS FOR A PARTICULAR PURPOSE.

configure:4477: $? = 0
configure:4466: gcc -v >&5
Using built-in specs.
COLLECT_GCC=gcc
COLLECT_LTO_WRAPPER=/usr/lib/gcc/x86_64-linux-gnu/11/lto-wrapper
OFFLOAD_TARGET_NAMES=nvptx-none:amdgcn-amdhsa
OFFLOAD_TARGET_DEFAULT=1
Target: x86_64-linux-gnu
Configured with: ../src/configure -v --with-pkgversion='Ubuntu 11.4.0-1ubuntu1~22.04' --with-bugurl=file:///usr/share/doc/gcc-11/README.Bugs --enable-languages=c,ada,c++,go,brig,d,fortran,objc,obj-c++,m2 --prefix=/usr --with-gcc-major-version-only --program-suffix=-11 --program-prefix=x86_64-linux-gnu- --enable-shared --enable-linker-build-id --libexecdir=/usr/lib --without-included-gettext --enable-threads=posix --libdir=/usr/lib --enable-nls --enable-bootstrap --enable-clocale=gnu --enable-libstdcxx-debug --enable-libstdcxx-time=yes --with-default-libstdcxx-abi=new --enable-gnu-unique-object --disable-vtable-verify --enable-plugin --enable-default-pie --with-system-zlib --enable-libphobos-checking=release --with-target-system-zlib=auto --enable-objc-gc=auto --enable-multiarch --disable-werror --enable-cet --with-arch-32=i686 --with-abi=m64 --with-multilib-list=m32,m64,mx32 --enable-multilib --with-tune=generic --enable-offload-targets=nvptx-none=/build/gcc-11-XeT9lY/gcc-11-11.4.0/debian/tmp-nvptx/usr,amdgcn-amdhsa=/build/gcc-11-XeT9lY/gcc-11-11.4.0/debian/tmp-gcn/usr --without-cuda-driver --enable-checking=release --build=x86_64-linux-gnu --host=x86_64-linux-gnu --target=x86_64-linux-gnu --with-build-config=bootstrap-lto-lean --enable-link-serialization=2
Thread model: posix
Supported LTO compression algorithms: zlib zstd
gcc version 11.4.0 (Ubuntu 11.4.0-1ubuntu1~22.04) 
... rest of stderr output deleted ...
configure:4477: $? = 0
configure:4466: gcc -V >&5
gcc: error: unrecognized command-line option '-V'
gcc: fatal error: no input files
compilation terminated.
configure:4477: $? = 1
configure:4466: gcc -qversion >&5
gcc: error: unrecognized command-line option '-qversion'; did you mean '--version'?
gcc: fatal error: no input files
compilation terminated.
configure:4477: $? = 1
configure:4466: gcc -version >&5
gcc: error: unrecognized command-line option '-version'
gcc: fatal error: no input files
compilation terminated.
configure:4477: $? = 1
configure:4497: checking whether the C compiler works
configure:4519: gcc    conftest.c  >&5
configure:4523: $? = 0
configure:4573: result: yes
configure:4576: checking for C compiler default output file name
configure:4578: result: a.out
configure:4584: checking for suffix of executables
configure:4591: gcc -o conftest    conftest.c  >&5
configure:4595: $? = 0
configure:4618: result: 
configure:4640: checking whether we are cross compiling
configure:4648: gcc -o conftest    conftest.c  >&5
configure:4652: $? = 0
configure:4659: ./conftest
configure:4663: $? = 0
configure:4678: result: no
configure:4683: checking for suffix of object files
configure:4706: gcc -c   conftest.c >&5
configure:4710: $? = 0
configure:4732: result: o
configure:4736: checking whether the compiler supports GNU C
configure:4756: gcc -c   conftest.c >&5
configure:4756: $? = 0
configure:4766: result: yes
configure:4777: checking whether gcc accepts -g
configure:4798: gcc -c -g  conftest.c >&5
configure:4798: $? = 0
configure:4842: result: yes
configure:4862: checking for gcc option to enable C11 features
configure:4877: gcc  -c -g -O2  conftest.c >&5
configure:4877: $? = 0
configure:4895: result: none needed
configure:5011: checking whether gcc understands -c and -o together
configure:5034: gcc -c conftest.c -o conftest2.o
configure:5037: $? = 0
configure:5034: gcc -c conftest.c -o conftest2.o
configure:5037: $? = 0
configure:5049: result: yes
configure:5069: checking whether make supports the include directive
configure:5084: make -f confmf.GNU && cat confinc.out
this is the am__doit target
configure:5087: $? = 0
configure:5106: result: yes (GNU style)
configure:5132: checking dependency style of gcc
configure:5244: result: gcc3
configure:5264: checking how to run the C preprocessor
configure:5290: gcc -E  conftest.c
configure:5290: $? = 0
configure:5305: gcc -E  conftest.c
conftest.c:11:10: fatal error: ac_nonexistent.h: No such file or directory
   11 | #include <ac_nonexistent.h>
      |          ^~~~~~~~~~~~~~~~~~
compilation terminated.
configure:5305: $? = 1
configure: failed program was:
| /* confdefs.h */
| #define PACKAGE_NAME "asn1c"
| #define PACKAGE_TARNAME "asn1c"
| #define PACKAGE_VERSION "0.9.29"
| #define PACKAGE_STRING "asn1c 0.9.29"
| #define PACKAGE_BUGREPORT "vlm@lionet.info"
| #define PACKAGE_URL ""
| #define PACKAGE "asn1c"
| #define VERSION "0.9.29"
| /* end confdefs.h.  */
| #include <ac_nonexistent.h>
configure:5332: result: gcc -E
configure:5346: gcc -E  conftest.c
configure:5346: $? = 0
configure:5361: gcc -E  conftest.c
conftest.c:11:10: fatal error: ac_nonexistent.h: No such file or directory
   11 | #include <ac_nonexistent.h>
      |          ^~~~~~~~~~~~~~~~~~
compilation terminated.
configure:5361: $? = 1
configure: failed program was:
| /* confdefs.h */
| #define PACKAGE_NAME "asn1c"
| #define PACKAGE_TARNAME "asn1c"
| #define PACKAGE_VERSION "0.9.29"
| #define PACKAGE_STRING "asn1c 0.9.29"
| #define PACKAGE_BUGREPORT "vlm@lionet.info"
| #define PACKAGE_URL ""
| #define PACKAGE "asn1c"
| #define VERSION "0.9.29"
| /* end confdefs.h.  */
| #include <ac_nonexistent.h>
configure:5392: checking whether ln -s works
configure:5396: result: yes
configure:5403: checking whether make sets $(MAKE)
configure:5426: result: yes
configure:5439: checking for bison
configure:5460: found /usr/bin/bison
configure:5471: result: bison -y
configure:5488: checking for flex
configure:5509: found /usr/bin/flex
configure:5520: result: flex
configure:5569: checking for lex output file root
configure:5582: flex conftest.l
configure:5586: $? = 0
configure:5594: result: lex.yy
configure:5609: checking for lex library
configure:5634: gcc -o conftest -g -O2   conftest.c  >&5
configure:5634: $? = 0
configure:5647: result: none needed
configure:5662: checking for library containing yywrap
configure:5692: gcc -o conftest -g -O2   conftest.c  >&5
/usr/bin/ld: /tmp/cctztUX0.o: in function `main':
/home/suman/projects/stol/asn1c-new/conftest.c:19: undefined reference to `yywrap'
collect2: error: ld returned 1 exit status
configure:5692: $? = 1
configure: failed program was:
| /* confdefs.h */
| #define PACKAGE_NAME "asn1c"
| #define PACKAGE_TARNAME "asn1c"
| #define PACKAGE_VERSION "0.9.29"
| #define PACKAGE_STRING "asn1c 0.9.29"
| #define PACKAGE_BUGREPORT "vlm@lionet.info"
| #define PACKAGE_URL ""
| #define PACKAGE "asn1c"
| #define VERSION "0.9.29"
| /* end confdefs.h.  */
| 
| /* Override any GCC internal prototype to avoid an error.
|    Use char because int might match the return type of a GCC
|    builtin and then its argument prototype would still apply.  */
| char yywrap ();
| int
| main (void)
| {
| return yywrap ();
|   ;
|   return 0;
| }
configure:5692: gcc -o conftest -g -O2   conftest.c -lfl   >&5
/usr/bin/ld: /usr/lib/gcc/x86_64-linux-gnu/11/../../../x86_64-linux-gnu/libfl.so: undefined reference to `yylex'
collect2: error: ld returned 1 exit status
configure:5692: $? = 1
configure: failed program was:
| /* confdefs.h */
| #define PACKAGE_NAME "asn1c"
| #define PACKAGE_TARNAME "asn1c"
| #define PACKAGE_VERSION "0.9.29"
| #define PACKAGE_STRING "asn1c 0.9.29"
| #define PACKAGE_BUGREPORT "vlm@lionet.info"
| #define PACKAGE_URL ""
| #define PACKAGE "asn1c"
| #define VERSION "0.9.29"
| /* end confdefs.h.  */
| 
| /* Override any GCC internal prototype to avoid an error.
|    Use char because int might match the return type of a GCC
|    builtin and then its argument prototype would still apply.  */
| char yywrap ();
| int
| main (void)
| {
| return yywrap ();
|   ;
|   return 0;
| }
configure:5692: gcc -o conftest -g -O2   conftest.c -ll   >&5
configure:5692: $? = 0
configure:5712: result: -ll
configure:5728: checking whether yytext is a pointer
configure:5744: gcc -c -g -O2  conftest.c >&5
configure:5744: $? = 0
configure:5751: result: yes
configure:5821: checking for ar
configure:5842: found /usr/bin/ar
configure:5853: result: ar
configure:5879: checking the archiver (ar) interface
configure:5896: gcc -c -g -O2  conftest.c >&5
configure:5896: $? = 0
configure:5899: ar cru libconftest.a conftest.o >&5
ar: `u' modifier ignored since `D' is the default (see `U')
configure:5902: $? = 0
configure:5930: result: ar
configure:6020: checking for g++
configure:6055: result: no
configure:6020: checking for c++
configure:6055: result: no
configure:6020: checking for gpp
configure:6055: result: no
configure:6020: checking for aCC
configure:6055: result: no
configure:6020: checking for CC
configure:6055: result: no
configure:6020: checking for cxx
configure:6055: result: no
configure:6020: checking for cc++
configure:6055: result: no
configure:6020: checking for cl.exe
configure:6055: result: no
configure:6020: checking for FCC
configure:6055: result: no
configure:6020: checking for KCC
configure:6055: result: no
configure:6020: checking for RCC
configure:6055: result: no
configure:6020: checking for xlC_r
configure:6055: result: no
configure:6020: checking for xlC
configure:6055: result: no
configure:6020: checking for clang++
configure:6055: result: no
configure:6079: checking for C++ compiler version
configure:6088: g++ --version >&5
./configure: line 6090: g++: command not found
configure:6099: $? = 127
configure:6088: g++ -v >&5
./configure: line 6090: g++: command not found
configure:6099: $? = 127
configure:6088: g++ -V >&5
./configure: line 6090: g++: command not found
configure:6099: $? = 127
configure:6088: g++ -qversion >&5
./configure: line 6090: g++: command not found
configure:6099: $? = 127
configure:6103: checking whether the compiler supports GNU C++
configure:6123: g++ -c   conftest.cpp >&5
./configure: line 1761: g++: command not found
configure:6123: $? = 127
configure: failed program was:
| /* confdefs.h */
| #define PACKAGE_NAME "asn1c"
| #define PACKAGE_TARNAME "asn1c"
| #define PACKAGE_VERSION "0.9.29"
| #define PACKAGE_STRING "asn1c 0.9.29"
| #define PACKAGE_BUGREPORT "vlm@lionet.info"
| #define PACKAGE_URL ""
| #define PACKAGE "asn1c"
| #define VERSION "0.9.29"
| #define YYTEXT_POINTER 1
| /* end confdefs.h.  */
| 
| int
| main (void)
| {
| #ifndef __GNUC__
|        choke me
| #endif
| 
|   ;
|   return 0;
| }
configure:6133: result: no
configure:6144: checking whether g++ accepts -g
configure:6165: g++ -c -g  conftest.cpp >&5
./configure: line 1761: g++: command not found
configure:6165: $? = 127
configure: failed program was:
| /* confdefs.h */
| #define PACKAGE_NAME "asn1c"
| #define PACKAGE_TARNAME "asn1c"
| #define PACKAGE_VERSION "0.9.29"
| #define PACKAGE_STRING "asn1c 0.9.29"
| #define PACKAGE_BUGREPORT "vlm@lionet.info"
| #define PACKAGE_URL ""
| #define PACKAGE "asn1c"
| #define VERSION "0.9.29"
| #define YYTEXT_POINTER 1
| /* end confdefs.h.  */
| 
| int
| main (void)
| {
| 
|   ;
|   return 0;
| }
configure:6181: g++ -c   conftest.cpp >&5
./configure: line 1761: g++: command not found
configure:6181: $? = 127
configure: failed program was:
| /* confdefs.h */
| #define PACKAGE_NAME "asn1c"
| #define PACKAGE_TARNAME "asn1c"
| #define PACKAGE_VERSION "0.9.29"
| #define PACKAGE_STRING "asn1c 0.9.29"
| #define PACKAGE_BUGREPORT "vlm@lionet.info"
| #define PACKAGE_URL ""
| #define PACKAGE "asn1c"
| #define VERSION "0.9.29"
| #define YYTEXT_POINTER 1
| /* end confdefs.h.  */
| 
| int
| main (void)
| {
| 
|   ;
|   return 0;
| }
configure:6198: g++ -c -g  conftest.cpp >&5
./configure: line 1761: g++: command not found
configure:6198: $? = 127
configure: failed program was:
| /* confdefs.h */
| #define PACKAGE_NAME "asn1c"
| #define PACKAGE_TARNAME "asn1c"
| #define PACKAGE_VERSION "0.9.29"
| #define PACKAGE_STRING "asn1c 0.9.29"
| #define PACKAGE_BUGREPORT "vlm@lionet.info"
| #define PACKAGE_URL ""
| #define PACKAGE "asn1c"
| #define VERSION "0.9.29"
| #define YYTEXT_POINTER 1
| /* end confdefs.h.  */
| 
| int
| main (void)
| {
| 
|   ;
|   return 0;
| }
configure:6209: result: no
configure:6229: checking for g++ option to enable C++11 features
configure:6244: g++  -c   conftest.cpp >&5
./configure: line 1761: g++: command not found
configure:6244: $? = 127
configure: failed program was:
| /* confdefs.h */
| #define PACKAGE_NAME "asn1c"
| #define PACKAGE_TARNAME "asn1c"
| #define PACKAGE_VERSION "0.9.29"
| #define PACKAGE_STRING "asn1c 0.9.29"
| #define PACKAGE_BUGREPORT "vlm@lionet.info"
| #define PACKAGE_URL ""
| #define PACKAGE "asn1c"
| #define VERSION "0.9.29"
| #define YYTEXT_POINTER 1
| /* end confdefs.h.  */
| 
| // Does the compiler advertise C++98 conformance?
| #if !defined __cplusplus || __cplusplus < 199711L
| # error "Compiler does not advertise C++98 conformance"
| #endif
| 
| // These inclusions are to reject old compilers that
| // lack the unsuffixed header files.
| #include <cstdlib>
| #include <exception>
| 
| // <cassert> and <cstring> are *not* freestanding headers in C++98.
| extern void assert (int);
| namespace std {
|   extern int strcmp (const char *, const char *);
| }
| 
| // Namespaces, exceptions, and templates were all added after "C++ 2.0".
| using std::exception;
| using std::strcmp;
| 
| namespace {
| 
| void test_exception_syntax()
| {
|   try {
|     throw "test";
|   } catch (const char *s) {
|     // Extra parentheses suppress a warning when building autoconf itself,
|     // due to lint rules shared with more typical C programs.
|     assert (!(strcmp) (s, "test"));
|   }
| }
| 
| template <typename T> struct test_template
| {
|   T const val;
|   explicit test_template(T t) : val(t) {}
|   template <typename U> T add(U u) { return static_cast<T>(u) + val; }
| };
| 
| } // anonymous namespace
| 
| 
| // Does the compiler advertise C++ 2011 conformance?
| #if !defined __cplusplus || __cplusplus < 201103L
| # error "Compiler does not advertise C++11 conformance"
| #endif
| 
| namespace cxx11test
| {
|   constexpr int get_val() { return 20; }
| 
|   struct testinit
|   {
|     int i;
|     double d;
|   };
| 
|   class delegate
|   {
|   public:
|     delegate(int n) : n(n) {}
|     delegate(): delegate(2354) {}
| 
|     virtual int getval() { return this->n; };
|   protected:
|     int n;
|   };
| 
|   class overridden : public delegate
|   {
|   public:
|     overridden(int n): delegate(n) {}
|     virtual int getval() override final { return this->n * 2; }
|   };
| 
|   class nocopy
|   {
|   public:
|     nocopy(int i): i(i) {}
|     nocopy() = default;
|     nocopy(const nocopy&) = delete;
|     nocopy & operator=(const nocopy&) = delete;
|   private:
|     int i;
|   };
| 
|   // for testing lambda expressions
|   template <typename Ret, typename Fn> Ret eval(Fn f, Ret v)
|   {
|     return f(v);
|   }
| 
|   // for testing variadic templates and trailing return types
|   template <typename V> auto sum(V first) -> V
|   {
|     return first;
|   }
|   template <typename V, typename... Args> auto sum(V first, Args... rest) -> V
|   {
|     return first + sum(rest...);
|   }
| }
| 
| 
| int
| main (int argc, char **argv)
| {
|   int ok = 0;
|   
|   assert (argc);
|   assert (! argv[0]);
| {
|   test_exception_syntax ();
|   test_template<double> tt (2.0);
|   assert (tt.add (4) == 6.0);
|   assert (true && !false);
| }
| 
|   
| {
|   // Test auto and decltype
|   auto a1 = 6538;
|   auto a2 = 48573953.4;
|   auto a3 = "String literal";
| 
|   int total = 0;
|   for (auto i = a3; *i; ++i) { total += *i; }
| 
|   decltype(a2) a4 = 34895.034;
| }
| {
|   // Test constexpr
|   short sa[cxx11test::get_val()] = { 0 };
| }
| {
|   // Test initializer lists
|   cxx11test::testinit il = { 4323, 435234.23544 };
| }
| {
|   // Test range-based for
|   int array[] = {9, 7, 13, 15, 4, 18, 12, 10, 5, 3,
|                  14, 19, 17, 8, 6, 20, 16, 2, 11, 1};
|   for (auto &x : array) { x += 23; }
| }
| {
|   // Test lambda expressions
|   using cxx11test::eval;
|   assert (eval ([](int x) { return x*2; }, 21) == 42);
|   double d = 2.0;
|   assert (eval ([&](double x) { return d += x; }, 3.0) == 5.0);
|   assert (d == 5.0);
|   assert (eval ([=](double x) mutable { return d += x; }, 4.0) == 9.0);
|   assert (d == 5.0);
| }
| {
|   // Test use of variadic templates
|   using cxx11test::sum;
|   auto a = sum(1);
|   auto b = sum(1, 2);
|   auto c = sum(1.0, 2.0, 3.0);
| }
| {
|   // Test constructor delegation
|   cxx11test::delegate d1;
|   cxx11test::delegate d2();
|   cxx11test::delegate d3(45);
| }
| {
|   // Test override and final
|   cxx11test::overridden o1(55464);
| }
| {
|   // Test nullptr
|   char *c = nullptr;
| }
| {
|   // Test template brackets
|   test_template<::test_template<int>> v(test_template<int>(12));
| }
| {
|   // Unicode literals
|   char const *utf8 = u8"UTF-8 string \u2500";
|   char16_t const *utf16 = u"UTF-8 string \u2500";
|   char32_t const *utf32 = U"UTF-32 string \u2500";
| }
| 
|   return ok;
| }
| 
configure:6262: result: none needed
configure:6328: checking dependency style of g++
configure:6440: result: none
configure:6464: checking for special C compiler options needed for large files
configure:6512: result: no
configure:6518: checking for _FILE_OFFSET_BITS value needed for large files
configure:6544: gcc -c -g -O2  conftest.c >&5
configure:6544: $? = 0
configure:6578: result: no
configure:6693: checking build system type
configure:6708: result: x86_64-pc-linux-gnu
configure:6728: checking host system type
configure:6742: result: x86_64-pc-linux-gnu
configure:6783: checking how to print strings
configure:6810: result: printf
configure:6831: checking for a sed that does not truncate output
configure:6901: result: /usr/bin/sed
configure:6919: checking for grep that handles long lines and -e
configure:6983: result: /usr/bin/grep
configure:6988: checking for egrep
configure:7056: result: /usr/bin/grep -E
configure:7061: checking for fgrep
configure:7129: result: /usr/bin/grep -F
configure:7165: checking for ld used by gcc
configure:7233: result: /usr/bin/ld
configure:7240: checking if the linker (/usr/bin/ld) is GNU ld
configure:7256: result: yes
configure:7268: checking for BSD- or MS-compatible name lister (nm)
configure:7323: result: /usr/bin/nm -B
configure:7463: checking the name lister (/usr/bin/nm -B) interface
configure:7471: gcc -c -g -O2  conftest.c >&5
configure:7474: /usr/bin/nm -B "conftest.o"
configure:7477: output
0000000000000000 B some_variable
configure:7484: result: BSD nm
configure:7488: checking the maximum length of command line arguments
configure:7620: result: 1572864
configure:7668: checking how to convert x86_64-pc-linux-gnu file names to x86_64-pc-linux-gnu format
configure:7709: result: func_convert_file_noop
configure:7716: checking how to convert x86_64-pc-linux-gnu file names to toolchain format
configure:7737: result: func_convert_file_noop
configure:7744: checking for /usr/bin/ld option to reload object files
configure:7752: result: -r
configure:7831: checking for objdump
configure:7852: found /usr/bin/objdump
configure:7863: result: objdump
configure:7895: checking how to recognize dependent libraries
configure:8096: result: pass_all
configure:8186: checking for dlltool
configure:8221: result: no
configure:8251: checking how to associate runtime and link libraries
configure:8279: result: printf %s\n
configure:8413: checking for archiver @FILE support
configure:8431: gcc -c -g -O2  conftest.c >&5
configure:8431: $? = 0
configure:8435: ar cr libconftest.a @conftest.lst >&5
configure:8438: $? = 0
configure:8443: ar cr libconftest.a @conftest.lst >&5
ar: conftest.o: No such file or directory
configure:8446: $? = 1
configure:8458: result: @
configure:8521: checking for strip
configure:8542: found /usr/bin/strip
configure:8553: result: strip
configure:8630: checking for ranlib
configure:8651: found /usr/bin/ranlib
configure:8662: result: ranlib
configure:8764: checking command to parse /usr/bin/nm -B output from gcc object
configure:8918: gcc -c -g -O2  conftest.c >&5
configure:8921: $? = 0
configure:8925: /usr/bin/nm -B conftest.o | sed -n -e 's/^.*[	 ]\([ABCDGIRSTW][ABCDGIRSTW]*\)[	 ][	 ]*\([_A-Za-z][_A-Za-z0-9]*\)$/\1 \2 \2/p' | sed '/ __gnu_lto/d' > conftest.nm
configure:8991: gcc -o conftest -g -O2   conftest.c conftstm.o >&5
configure:8994: $? = 0
configure:9032: result: ok
configure:9079: checking for sysroot
configure:9110: result: no
configure:9117: checking for a working dd
configure:9161: result: /usr/bin/dd
configure:9165: checking how to truncate binary pipes
configure:9181: result: /usr/bin/dd bs=4096 count=1
configure:9318: gcc -c -g -O2  conftest.c >&5
configure:9321: $? = 0
configure:9518: checking for mt
configure:9539: found /usr/bin/mt
configure:9550: result: mt
configure:9573: checking if mt is a manifest tool
configure:9580: mt '-?'
configure:9588: result: no
configure:10318: checking for stdio.h
configure:10318: gcc -c -g -O2  conftest.c >&5
configure:10318: $? = 0
configure:10318: result: yes
configure:10318: checking for stdlib.h
configure:10318: gcc -c -g -O2  conftest.c >&5
configure:10318: $? = 0
configure:10318: result: yes
configure:10318: checking for string.h
configure:10318: gcc -c -g -O2  conftest.c >&5
configure:10318: $? = 0
configure:10318: result: yes
configure:10318: checking for inttypes.h
configure:10318: gcc -c -g -O2  conftest.c >&5
configure:10318: $? = 0
configure:10318: result: yes
configure:10318: checking for stdint.h
configure:10318: gcc -c -g -O2  conftest.c >&5
configure:10318: $? = 0
configure:10318: result: yes
configure:10318: checking for strings.h
configure:10318: gcc -c -g -O2  conftest.c >&5
configure:10318: $? = 0
configure:10318: result: yes
configure:10318: checking for sys/stat.h
configure:10318: gcc -c -g -O2  conftest.c >&5
configure:10318: $? = 0
configure:10318: result: yes
configure:10318: checking for sys/types.h
configure:10318: gcc -c -g -O2  conftest.c >&5
configure:10318: $? = 0
configure:10318: result: yes
configure:10318: checking for unistd.h
configure:10318: gcc -c -g -O2  conftest.c >&5
configure:10318: $? = 0
configure:10318: result: yes
configure:10343: checking for dlfcn.h
configure:10343: gcc -c -g -O2  conftest.c >&5
configure:10343: $? = 0
configure:10343: result: yes
configure:10613: checking for objdir
configure:10629: result: .libs
configure:10893: checking if gcc supports -fno-rtti -fno-exceptions
configure:10912: gcc -c -g -O2  -fno-rtti -fno-exceptions conftest.c >&5
cc1: warning: command-line option '-fno-rtti' is valid for C++/D/ObjC++ but not for C
configure:10916: $? = 0
configure:10929: result: no
configure:11293: checking for gcc option to produce PIC
configure:11301: result: -fPIC -DPIC
configure:11309: checking if gcc PIC flag -fPIC -DPIC works
configure:11328: gcc -c -g -O2  -fPIC -DPIC -DPIC conftest.c >&5
configure:11332: $? = 0
configure:11345: result: yes
configure:11374: checking if gcc static flag -static works
configure:11403: result: yes
configure:11418: checking if gcc supports -c -o file.o
configure:11440: gcc -c -g -O2  -o out/conftest2.o conftest.c >&5
configure:11444: $? = 0
configure:11466: result: yes
configure:11474: checking if gcc supports -c -o file.o
configure:11522: result: yes
configure:11555: checking whether the gcc linker (/usr/bin/ld -m elf_x86_64) supports shared libraries
configure:12825: result: yes
configure:12862: checking whether -lc should be explicitly linked in
configure:12871: gcc -c -g -O2  conftest.c >&5
configure:12874: $? = 0
configure:12889: gcc -shared  -fPIC -DPIC conftest.o  -v -Wl,-soname -Wl,conftest -o conftest 2\>\&1 \| /usr/bin/grep  -lc  \>/dev/null 2\>\&1
configure:12892: $? = 0
configure:12906: result: no
configure:13066: checking dynamic linker characteristics
configure:13648: gcc -o conftest -g -O2   -Wl,-rpath -Wl,/foo conftest.c  >&5
configure:13648: $? = 0
configure:13899: result: GNU/Linux ld.so
configure:14021: checking how to hardcode library paths into programs
configure:14046: result: immediate
configure:14598: checking whether stripping libraries is possible
configure:14603: result: yes
configure:14638: checking if libtool supports shared libraries
configure:14640: result: yes
configure:14643: checking whether to build shared libraries
configure:14668: result: yes
configure:14671: checking whether to build static libraries
configure:14675: result: yes
configure:18055: checking whether make supports nested variables
configure:18073: result: yes
configure:18110: checking whether C compiler accepts -Wall
configure:18130: gcc -c -g -O2  -Wall  conftest.c >&5
configure:18130: $? = 0
configure:18139: result: yes
configure:18148: checking whether C compiler accepts -Wcast-qual
configure:18168: gcc -c -g -O2 -Wall  -Wcast-qual  conftest.c >&5
configure:18168: $? = 0
configure:18177: result: yes
configure:18186: checking whether C compiler accepts -Wchar-subscripts
configure:18206: gcc -c -g -O2 -Wall -Wcast-qual  -Wchar-subscripts  conftest.c >&5
configure:18206: $? = 0
configure:18215: result: yes
configure:18224: checking whether C compiler accepts -Wmissing-prototypes
configure:18244: gcc -c -g -O2 -Wall -Wcast-qual -Wchar-subscripts  -Wmissing-prototypes  conftest.c >&5
configure:18244: $? = 0
configure:18253: result: yes
configure:18262: checking whether C compiler accepts -Wmissing-declarations
configure:18282: gcc -c -g -O2 -Wall -Wcast-qual -Wchar-subscripts -Wmissing-prototypes  -Wmissing-declarations  conftest.c >&5
configure:18282: $? = 0
configure:18291: result: yes
configure:18301: checking whether C compiler accepts -Wno-error=attributes
configure:18321: gcc -c -g -O2 -Wall -Wcast-qual -Wchar-subscripts -Wmissing-prototypes -Wmissing-declarations  -Wno-error=attributes  conftest.c >&5
configure:18321: $? = 0
configure:18330: result: yes
configure:18339: checking whether C compiler accepts -Wno-error=cast-align
configure:18359: gcc -c -g -O2 -Wall -Wcast-qual -Wchar-subscripts -Wmissing-prototypes -Wmissing-declarations -Wno-error=attributes  -Wno-error=cast-align  conftest.c >&5
configure:18359: $? = 0
configure:18368: result: yes
configure:18377: checking whether C compiler accepts -Wno-error=visibility
configure:18397: gcc -c -g -O2 -Wall -Wcast-qual -Wchar-subscripts -Wmissing-prototypes -Wmissing-declarations -Wno-error=attributes -Wno-error=cast-align  -Wno-error=visibility  conftest.c >&5
cc1: error: '-Wno-error=visibility': no option '-Wvisibility'; did you mean '-fvisibility='?
configure:18397: $? = 1
configure: failed program was:
| /* confdefs.h */
| #define PACKAGE_NAME "asn1c"
| #define PACKAGE_TARNAME "asn1c"
| #define PACKAGE_VERSION "0.9.29"
| #define PACKAGE_STRING "asn1c 0.9.29"
| #define PACKAGE_BUGREPORT "vlm@lionet.info"
| #define PACKAGE_URL ""
| #define PACKAGE "asn1c"
| #define VERSION "0.9.29"
| #define YYTEXT_POINTER 1
| #define HAVE_STDIO_H 1
| #define HAVE_STDLIB_H 1
| #define HAVE_STRING_H 1
| #define HAVE_INTTYPES_H 1
| #define HAVE_STDINT_H 1
| #define HAVE_STRINGS_H 1
| #define HAVE_SYS_STAT_H 1
| #define HAVE_SYS_TYPES_H 1
| #define HAVE_UNISTD_H 1
| #define STDC_HEADERS 1
| #define HAVE_DLFCN_H 1
| #define LT_OBJDIR ".libs/"
| /* end confdefs.h.  */
| 
| int
| main (void)
| {
| 
|   ;
|   return 0;
| }
configure:18406: result: no
configure:18415: checking whether C compiler accepts -Wno-error=parentheses-equality
configure:18435: gcc -c -g -O2 -Wall -Wcast-qual -Wchar-subscripts -Wmissing-prototypes -Wmissing-declarations -Wno-error=attributes -Wno-error=cast-align  -Wno-error=parentheses-equality  conftest.c >&5
cc1: error: '-Wno-error=parentheses-equality': no option '-Wparentheses-equality'
configure:18435: $? = 1
configure: failed program was:
| /* confdefs.h */
| #define PACKAGE_NAME "asn1c"
| #define PACKAGE_TARNAME "asn1c"
| #define PACKAGE_VERSION "0.9.29"
| #define PACKAGE_STRING "asn1c 0.9.29"
| #define PACKAGE_BUGREPORT "vlm@lionet.info"
| #define PACKAGE_URL ""
| #define PACKAGE "asn1c"
| #define VERSION "0.9.29"
| #define YYTEXT_POINTER 1
| #define HAVE_STDIO_H 1
| #define HAVE_STDLIB_H 1
| #define HAVE_STRING_H 1
| #define HAVE_INTTYPES_H 1
| #define HAVE_STDINT_H 1
| #define HAVE_STRINGS_H 1
| #define HAVE_SYS_STAT_H 1
| #define HAVE_SYS_TYPES_H 1
| #define HAVE_UNISTD_H 1
| #define STDC_HEADERS 1
| #define HAVE_DLFCN_H 1
| #define LT_OBJDIR ".libs/"
| /* end confdefs.h.  */
| 
| int
| main (void)
| {
| 
|   ;
|   return 0;
| }
configure:18444: result: no
configure:18453: checking whether C compiler accepts -std=gnu99
configure:18473: gcc -c -g -O2 -Wall -Wcast-qual -Wchar-subscripts -Wmissing-prototypes -Wmissing-declarations -Wno-error=attributes -Wno-error=cast-align  -std=gnu99  conftest.c >&5
configure:18473: $? = 0
configure:18482: result: yes
configure:18492: checking whether C compiler accepts -Wno-error=unused-variable
configure:18512: gcc -c -g -O2 -Wall -Wcast-qual -Wchar-subscripts -Wmissing-prototypes -Wmissing-declarations -Wno-error=attributes -Wno-error=cast-align -std=gnu99  -Wno-error=unused-variable  conftest.c >&5
configure:18512: $? = 0
configure:18521: result: yes
configure:18546: checking whether to build with code coverage support
configure:18567: result: no
configure:19048: checking whether C compiler accepts -std=c89
configure:19068: gcc -c -g -O2 -Wall -Wcast-qual -Wchar-subscripts -Wmissing-prototypes -Wmissing-declarations -Wno-error=attributes -Wno-error=cast-align -std=gnu99  -std=c89  conftest.c >&5
configure:19068: $? = 0
configure:19077: result: yes
configure:19086: checking whether C compiler accepts -Wpedantic
configure:19106: gcc -c -g -O2 -Wall -Wcast-qual -Wchar-subscripts -Wmissing-prototypes -Wmissing-declarations -Wno-error=attributes -Wno-error=cast-align -std=gnu99 -Werror -Wpedantic  conftest.c >&5
configure:19106: $? = 0
configure:19115: result: yes
configure:19218: checking whether C compiler accepts -Wno-long-long
configure:19238: gcc -c -g -O2 -Wall -Wcast-qual -Wchar-subscripts -Wmissing-prototypes -Wmissing-declarations -Wno-error=attributes -Wno-error=cast-align -std=gnu99  -Wno-long-long  conftest.c >&5
configure:19238: $? = 0
configure:19247: result: yes
configure:19352: checking whether C compiler and linker accept -fsanitize=undefined
configure:19373: gcc -o conftest -g -O2 -Wall -Wcast-qual -Wchar-subscripts -Wmissing-prototypes -Wmissing-declarations -Wno-error=attributes -Wno-error=cast-align -std=gnu99  -fsanitize=undefined   conftest.c  >&5
configure:19373: $? = 0
configure:19383: result: yes
configure:19402: checking whether C compiler accepts -fno-sanitize-recover=undefined
configure:19422: gcc -c -g -O2 -Wall -Wcast-qual -Wchar-subscripts -Wmissing-prototypes -Wmissing-declarations -Wno-error=attributes -Wno-error=cast-align -std=gnu99  -fno-sanitize-recover=undefined  conftest.c >&5
configure:19422: $? = 0
configure:19431: result: yes
configure:19441: checking whether C compiler and linker accept -fsanitize=unsigned-integer-overflow
configure:19461: gcc -o conftest -g -O2 -Wall -Wcast-qual -Wchar-subscripts -Wmissing-prototypes -Wmissing-declarations -Wno-error=attributes -Wno-error=cast-align -std=gnu99  -fsanitize=unsigned-integer-overflow   conftest.c  >&5
gcc: error: unrecognized argument to '-fsanitize=' option: 'unsigned-integer-overflow'; did you mean 'signed-integer-overflow'?
configure:19461: $? = 1
configure: failed program was:
| /* confdefs.h */
| #define PACKAGE_NAME "asn1c"
| #define PACKAGE_TARNAME "asn1c"
| #define PACKAGE_VERSION "0.9.29"
| #define PACKAGE_STRING "asn1c 0.9.29"
| #define PACKAGE_BUGREPORT "vlm@lionet.info"
| #define PACKAGE_URL ""
| #define PACKAGE "asn1c"
| #define VERSION "0.9.29"
| #define YYTEXT_POINTER 1
| #define HAVE_STDIO_H 1
| #define HAVE_STDLIB_H 1
| #define HAVE_STRING_H 1
| #define HAVE_INTTYPES_H 1
| #define HAVE_STDINT_H 1
| #define HAVE_STRINGS_H 1
| #define HAVE_SYS_STAT_H 1
| #define HAVE_SYS_TYPES_H 1
| #define HAVE_UNISTD_H 1
| #define STDC_HEADERS 1
| #define HAVE_DLFCN_H 1
| #define LT_OBJDIR ".libs/"
| /* end confdefs.h.  */
| int test(unsigned); int test(unsigned n) { return n + 1; }
| int
| main (void)
| {
| 
|   ;
|   return 0;
| }
configure:19471: result: no
configure:19480: checking whether C compiler accepts -fno-sanitize-recover=unsigned-integer-overflow
configure:19500: gcc -c -g -O2 -Wall -Wcast-qual -Wchar-subscripts -Wmissing-prototypes -Wmissing-declarations -Wno-error=attributes -Wno-error=cast-align -std=gnu99  -fno-sanitize-recover=unsigned-integer-overflow  conftest.c >&5
cc1: error: unrecognized argument to '-fno-sanitize-recover=' option: 'unsigned-integer-overflow'; did you mean 'signed-integer-overflow'?
configure:19500: $? = 1
configure: failed program was:
| /* confdefs.h */
| #define PACKAGE_NAME "asn1c"
| #define PACKAGE_TARNAME "asn1c"
| #define PACKAGE_VERSION "0.9.29"
| #define PACKAGE_STRING "asn1c 0.9.29"
| #define PACKAGE_BUGREPORT "vlm@lionet.info"
| #define PACKAGE_URL ""
| #define PACKAGE "asn1c"
| #define VERSION "0.9.29"
| #define YYTEXT_POINTER 1
| #define HAVE_STDIO_H 1
| #define HAVE_STDLIB_H 1
| #define HAVE_STRING_H 1
| #define HAVE_INTTYPES_H 1
| #define HAVE_STDINT_H 1
| #define HAVE_STRINGS_H 1
| #define HAVE_SYS_STAT_H 1
| #define HAVE_SYS_TYPES_H 1
| #define HAVE_UNISTD_H 1
| #define STDC_HEADERS 1
| #define HAVE_DLFCN_H 1
| #define LT_OBJDIR ".libs/"
| /* end confdefs.h.  */
| 
| int
| main (void)
| {
| 
|   ;
|   return 0;
| }
configure:19509: result: no
configure:19519: checking whether C compiler and linker accept -fsanitize=nullability
configure:19539: gcc -o conftest -g -O2 -Wall -Wcast-qual -Wchar-subscripts -Wmissing-prototypes -Wmissing-declarations -Wno-error=attributes -Wno-error=cast-align -std=gnu99  -fsanitize=nullability   conftest.c  >&5
gcc: error: unrecognized argument to '-fsanitize=' option: 'nullability'
configure:19539: $? = 1
configure: failed program was:
| /* confdefs.h */
| #define PACKAGE_NAME "asn1c"
| #define PACKAGE_TARNAME "asn1c"
| #define PACKAGE_VERSION "0.9.29"
| #define PACKAGE_STRING "asn1c 0.9.29"
| #define PACKAGE_BUGREPORT "vlm@lionet.info"
| #define PACKAGE_URL ""
| #define PACKAGE "asn1c"
| #define VERSION "0.9.29"
| #define YYTEXT_POINTER 1
| #define HAVE_STDIO_H 1
| #define HAVE_STDLIB_H 1
| #define HAVE_STRING_H 1
| #define HAVE_INTTYPES_H 1
| #define HAVE_STDINT_H 1
| #define HAVE_STRINGS_H 1
| #define HAVE_SYS_STAT_H 1
| #define HAVE_SYS_TYPES_H 1
| #define HAVE_UNISTD_H 1
| #define STDC_HEADERS 1
| #define HAVE_DLFCN_H 1
| #define LT_OBJDIR ".libs/"
| /* end confdefs.h.  */
| 
| int
| main (void)
| {
| 
|   ;
|   return 0;
| }
configure:19549: result: no
configure:19558: checking whether C compiler accepts -fno-sanitize-recover=nullability
configure:19578: gcc -c -g -O2 -Wall -Wcast-qual -Wchar-subscripts -Wmissing-prototypes -Wmissing-declarations -Wno-error=attributes -Wno-error=cast-align -std=gnu99  -fno-sanitize-recover=nullability  conftest.c >&5
cc1: error: unrecognized argument to '-fno-sanitize-recover=' option: 'nullability'
configure:19578: $? = 1
configure: failed program was:
| /* confdefs.h */
| #define PACKAGE_NAME "asn1c"
| #define PACKAGE_TARNAME "asn1c"
| #define PACKAGE_VERSION "0.9.29"
| #define PACKAGE_STRING "asn1c 0.9.29"
| #define PACKAGE_BUGREPORT "vlm@lionet.info"
| #define PACKAGE_URL ""
| #define PACKAGE "asn1c"
| #define VERSION "0.9.29"
| #define YYTEXT_POINTER 1
| #define HAVE_STDIO_H 1
| #define HAVE_STDLIB_H 1
| #define HAVE_STRING_H 1
| #define HAVE_INTTYPES_H 1
| #define HAVE_STDINT_H 1
| #define HAVE_STRINGS_H 1
| #define HAVE_SYS_STAT_H 1
| #define HAVE_SYS_TYPES_H 1
| #define HAVE_UNISTD_H 1
| #define STDC_HEADERS 1
| #define HAVE_DLFCN_H 1
| #define LT_OBJDIR ".libs/"
| /* end confdefs.h.  */
| 
| int
| main (void)
| {
| 
|   ;
|   return 0;
| }
configure:19587: result: no
configure:19597: checking whether C compiler accepts -fno-omit-frame-pointer
configure:19617: gcc -c -g -O2 -Wall -Wcast-qual -Wchar-subscripts -Wmissing-prototypes -Wmissing-declarations -Wno-error=attributes -Wno-error=cast-align -std=gnu99  -fno-omit-frame-pointer  conftest.c >&5
configure:19617: $? = 0
configure:19626: result: yes
configure:19650: checking whether C compiler and linker accept -fsanitize=address
configure:19670: gcc -o conftest -g -O2 -Wall -Wcast-qual -Wchar-subscripts -Wmissing-prototypes -Wmissing-declarations -Wno-error=attributes -Wno-error=cast-align -std=gnu99  -fsanitize=address   conftest.c  >&5
configure:19670: $? = 0
configure:19680: result: yes
configure:19722: gcc -o conftest -g -O2 -Wall -Wcast-qual -Wchar-subscripts -Wmissing-prototypes -Wmissing-declarations -Wno-error=attributes -Wno-error=cast-align -std=gnu99  -fsanitize=undefined -fno-sanitize-recover=undefined -fno-omit-frame-pointer -fsanitize=address   conftest.c  >&5
configure:19722: $? = 0
configure:19722: ./conftest
configure:19722: $? = 0
configure:19735: checking whether C compiler accepts -fno-omit-frame-pointer
configure:19764: result: yes
configure:19848: checking for egrep
configure:19916: result: /usr/bin/grep -E
configure:19922: checking for sys/param.h
configure:19922: gcc -c -g -O2 -Wall -Wcast-qual -Wchar-subscripts -Wmissing-prototypes -Wmissing-declarations -Wno-error=attributes -Wno-error=cast-align -std=gnu99  conftest.c >&5
configure:19922: $? = 0
configure:19922: result: yes
configure:19929: checking for netinet/in.h
configure:19929: gcc -c -g -O2 -Wall -Wcast-qual -Wchar-subscripts -Wmissing-prototypes -Wmissing-declarations -Wno-error=attributes -Wno-error=cast-align -std=gnu99  conftest.c >&5
configure:19929: $? = 0
configure:19929: result: yes
configure:19937: checking whether byte ordering is bigendian
configure:19953: gcc -c -g -O2 -Wall -Wcast-qual -Wchar-subscripts -Wmissing-prototypes -Wmissing-declarations -Wno-error=attributes -Wno-error=cast-align -std=gnu99  conftest.c >&5
conftest.c:27:16: error: unknown type name 'not'
   27 |                not a universal capable compiler
      |                ^~~
conftest.c:27:22: error: expected '=', ',', ';', 'asm' or '__attribute__' before 'universal'
   27 |                not a universal capable compiler
      |                      ^~~~~~~~~
conftest.c:27:22: error: unknown type name 'universal'
configure:19953: $? = 1
configure: failed program was:
| /* confdefs.h */
| #define PACKAGE_NAME "asn1c"
| #define PACKAGE_TARNAME "asn1c"
| #define PACKAGE_VERSION "0.9.29"
| #define PACKAGE_STRING "asn1c 0.9.29"
| #define PACKAGE_BUGREPORT "vlm@lionet.info"
| #define PACKAGE_URL ""
| #define PACKAGE "asn1c"
| #define VERSION "0.9.29"
| #define YYTEXT_POINTER 1
| #define HAVE_STDIO_H 1
| #define HAVE_STDLIB_H 1
| #define HAVE_STRING_H 1
| #define HAVE_INTTYPES_H 1
| #define HAVE_STDINT_H 1
| #define HAVE_STRINGS_H 1
| #define HAVE_SYS_STAT_H 1
| #define HAVE_SYS_TYPES_H 1
| #define HAVE_UNISTD_H 1
| #define STDC_HEADERS 1
| #define HAVE_DLFCN_H 1
| #define LT_OBJDIR ".libs/"
| #define HAVE_SYS_PARAM_H 1
| #define HAVE_NETINET_IN_H 1
| /* end confdefs.h.  */
| #ifndef __APPLE_CC__
| 	       not a universal capable compiler
| 	     #endif
| 	     typedef int dummy;
| 
configure:19999: gcc -c -g -O2 -Wall -Wcast-qual -Wchar-subscripts -Wmissing-prototypes -Wmissing-declarations -Wno-error=attributes -Wno-error=cast-align -std=gnu99  conftest.c >&5
configure:19999: $? = 0
configure:20018: gcc -c -g -O2 -Wall -Wcast-qual -Wchar-subscripts -Wmissing-prototypes -Wmissing-declarations -Wno-error=attributes -Wno-error=cast-align -std=gnu99  conftest.c >&5
conftest.c: In function 'main':
conftest.c:33:18: error: unknown type name 'not'; did you mean 'ino_t'?
   33 |                  not big endian
      |                  ^~~
      |                  ino_t
conftest.c:33:26: error: expected '=', ',', ';', 'asm' or '__attribute__' before 'endian'
   33 |                  not big endian
      |                          ^~~~~~
configure:20018: $? = 1
configure: failed program was:
| /* confdefs.h */
| #define PACKAGE_NAME "asn1c"
| #define PACKAGE_TARNAME "asn1c"
| #define PACKAGE_VERSION "0.9.29"
| #define PACKAGE_STRING "asn1c 0.9.29"
| #define PACKAGE_BUGREPORT "vlm@lionet.info"
| #define PACKAGE_URL ""
| #define PACKAGE "asn1c"
| #define VERSION "0.9.29"
| #define YYTEXT_POINTER 1
| #define HAVE_STDIO_H 1
| #define HAVE_STDLIB_H 1
| #define HAVE_STRING_H 1
| #define HAVE_INTTYPES_H 1
| #define HAVE_STDINT_H 1
| #define HAVE_STRINGS_H 1
| #define HAVE_SYS_STAT_H 1
| #define HAVE_SYS_TYPES_H 1
| #define HAVE_UNISTD_H 1
| #define STDC_HEADERS 1
| #define HAVE_DLFCN_H 1
| #define LT_OBJDIR ".libs/"
| #define HAVE_SYS_PARAM_H 1
| #define HAVE_NETINET_IN_H 1
| /* end confdefs.h.  */
| #include <sys/types.h>
| 		#include <sys/param.h>
| 
| int
| main (void)
| {
| #if BYTE_ORDER != BIG_ENDIAN
| 		 not big endian
| 		#endif
| 
|   ;
|   return 0;
| }
configure:20152: result: no
configure:20170: checking for off_t
configure:20170: gcc -c -g -O2 -Wall -Wcast-qual -Wchar-subscripts -Wmissing-prototypes -Wmissing-declarations -Wno-error=attributes -Wno-error=cast-align -std=gnu99  conftest.c >&5
configure:20170: $? = 0
configure:20170: gcc -c -g -O2 -Wall -Wcast-qual -Wchar-subscripts -Wmissing-prototypes -Wmissing-declarations -Wno-error=attributes -Wno-error=cast-align -std=gnu99  conftest.c >&5
conftest.c: In function 'main':
conftest.c:57:20: error: expected expression before ')' token
   57 | if (sizeof ((off_t)))
      |                    ^
configure:20170: $? = 1
configure: failed program was:
| /* confdefs.h */
| #define PACKAGE_NAME "asn1c"
| #define PACKAGE_TARNAME "asn1c"
| #define PACKAGE_VERSION "0.9.29"
| #define PACKAGE_STRING "asn1c 0.9.29"
| #define PACKAGE_BUGREPORT "vlm@lionet.info"
| #define PACKAGE_URL ""
| #define PACKAGE "asn1c"
| #define VERSION "0.9.29"
| #define YYTEXT_POINTER 1
| #define HAVE_STDIO_H 1
| #define HAVE_STDLIB_H 1
| #define HAVE_STRING_H 1
| #define HAVE_INTTYPES_H 1
| #define HAVE_STDINT_H 1
| #define HAVE_STRINGS_H 1
| #define HAVE_SYS_STAT_H 1
| #define HAVE_SYS_TYPES_H 1
| #define HAVE_UNISTD_H 1
| #define STDC_HEADERS 1
| #define HAVE_DLFCN_H 1
| #define LT_OBJDIR ".libs/"
| #define HAVE_SYS_PARAM_H 1
| #define HAVE_NETINET_IN_H 1
| /* end confdefs.h.  */
| #include <stddef.h>
| #ifdef HAVE_STDIO_H
| # include <stdio.h>
| #endif
| #ifdef HAVE_STDLIB_H
| # include <stdlib.h>
| #endif
| #ifdef HAVE_STRING_H
| # include <string.h>
| #endif
| #ifdef HAVE_INTTYPES_H
| # include <inttypes.h>
| #endif
| #ifdef HAVE_STDINT_H
| # include <stdint.h>
| #endif
| #ifdef HAVE_STRINGS_H
| # include <strings.h>
| #endif
| #ifdef HAVE_SYS_TYPES_H
| # include <sys/types.h>
| #endif
| #ifdef HAVE_SYS_STAT_H
| # include <sys/stat.h>
| #endif
| #ifdef HAVE_UNISTD_H
| # include <unistd.h>
| #endif
| int
| main (void)
| {
| if (sizeof ((off_t)))
| 	    return 0;
|   ;
|   return 0;
| }
configure:20170: result: yes
configure:20180: checking for size_t
configure:20180: gcc -c -g -O2 -Wall -Wcast-qual -Wchar-subscripts -Wmissing-prototypes -Wmissing-declarations -Wno-error=attributes -Wno-error=cast-align -std=gnu99  conftest.c >&5
configure:20180: $? = 0
configure:20180: gcc -c -g -O2 -Wall -Wcast-qual -Wchar-subscripts -Wmissing-prototypes -Wmissing-declarations -Wno-error=attributes -Wno-error=cast-align -std=gnu99  conftest.c >&5
conftest.c: In function 'main':
conftest.c:57:21: error: expected expression before ')' token
   57 | if (sizeof ((size_t)))
      |                     ^
configure:20180: $? = 1
configure: failed program was:
| /* confdefs.h */
| #define PACKAGE_NAME "asn1c"
| #define PACKAGE_TARNAME "asn1c"
| #define PACKAGE_VERSION "0.9.29"
| #define PACKAGE_STRING "asn1c 0.9.29"
| #define PACKAGE_BUGREPORT "vlm@lionet.info"
| #define PACKAGE_URL ""
| #define PACKAGE "asn1c"
| #define VERSION "0.9.29"
| #define YYTEXT_POINTER 1
| #define HAVE_STDIO_H 1
| #define HAVE_STDLIB_H 1
| #define HAVE_STRING_H 1
| #define HAVE_INTTYPES_H 1
| #define HAVE_STDINT_H 1
| #define HAVE_STRINGS_H 1
| #define HAVE_SYS_STAT_H 1
| #define HAVE_SYS_TYPES_H 1
| #define HAVE_UNISTD_H 1
| #define STDC_HEADERS 1
| #define HAVE_DLFCN_H 1
| #define LT_OBJDIR ".libs/"
| #define HAVE_SYS_PARAM_H 1
| #define HAVE_NETINET_IN_H 1
| /* end confdefs.h.  */
| #include <stddef.h>
| #ifdef HAVE_STDIO_H
| # include <stdio.h>
| #endif
| #ifdef HAVE_STDLIB_H
| # include <stdlib.h>
| #endif
| #ifdef HAVE_STRING_H
| # include <string.h>
| #endif
| #ifdef HAVE_INTTYPES_H
| # include <inttypes.h>
| #endif
| #ifdef HAVE_STDINT_H
| # include <stdint.h>
| #endif
| #ifdef HAVE_STRINGS_H
| # include <strings.h>
| #endif
| #ifdef HAVE_SYS_TYPES_H
| # include <sys/types.h>
| #endif
| #ifdef HAVE_SYS_STAT_H
| # include <sys/stat.h>
| #endif
| #ifdef HAVE_UNISTD_H
| # include <unistd.h>
| #endif
| int
| main (void)
| {
| if (sizeof ((size_t)))
| 	    return 0;
|   ;
|   return 0;
| }
configure:20180: result: yes
configure:20190: checking whether struct tm is in sys/time.h or time.h
configure:20211: gcc -c -g -O2 -Wall -Wcast-qual -Wchar-subscripts -Wmissing-prototypes -Wmissing-declarations -Wno-error=attributes -Wno-error=cast-align -std=gnu99  conftest.c >&5
configure:20211: $? = 0
configure:20219: result: time.h
configure:20227: checking for __int128
configure:20227: gcc -c -g -O2 -Wall -Wcast-qual -Wchar-subscripts -Wmissing-prototypes -Wmissing-declarations -Wno-error=attributes -Wno-error=cast-align -std=gnu99  conftest.c >&5
configure:20227: $? = 0
configure:20227: gcc -c -g -O2 -Wall -Wcast-qual -Wchar-subscripts -Wmissing-prototypes -Wmissing-declarations -Wno-error=attributes -Wno-error=cast-align -std=gnu99  conftest.c >&5
conftest.c: In function 'main':
conftest.c:57:23: error: expected expression before ')' token
   57 | if (sizeof ((__int128)))
      |                       ^
configure:20227: $? = 1
configure: failed program was:
| /* confdefs.h */
| #define PACKAGE_NAME "asn1c"
| #define PACKAGE_TARNAME "asn1c"
| #define PACKAGE_VERSION "0.9.29"
| #define PACKAGE_STRING "asn1c 0.9.29"
| #define PACKAGE_BUGREPORT "vlm@lionet.info"
| #define PACKAGE_URL ""
| #define PACKAGE "asn1c"
| #define VERSION "0.9.29"
| #define YYTEXT_POINTER 1
| #define HAVE_STDIO_H 1
| #define HAVE_STDLIB_H 1
| #define HAVE_STRING_H 1
| #define HAVE_INTTYPES_H 1
| #define HAVE_STDINT_H 1
| #define HAVE_STRINGS_H 1
| #define HAVE_SYS_STAT_H 1
| #define HAVE_SYS_TYPES_H 1
| #define HAVE_UNISTD_H 1
| #define STDC_HEADERS 1
| #define HAVE_DLFCN_H 1
| #define LT_OBJDIR ".libs/"
| #define HAVE_SYS_PARAM_H 1
| #define HAVE_NETINET_IN_H 1
| /* end confdefs.h.  */
| #include <stddef.h>
| #ifdef HAVE_STDIO_H
| # include <stdio.h>
| #endif
| #ifdef HAVE_STDLIB_H
| # include <stdlib.h>
| #endif
| #ifdef HAVE_STRING_H
| # include <string.h>
| #endif
| #ifdef HAVE_INTTYPES_H
| # include <inttypes.h>
| #endif
| #ifdef HAVE_STDINT_H
| # include <stdint.h>
| #endif
| #ifdef HAVE_STRINGS_H
| # include <strings.h>
| #endif
| #ifdef HAVE_SYS_TYPES_H
| # include <sys/types.h>
| #endif
| #ifdef HAVE_SYS_STAT_H
| # include <sys/stat.h>
| #endif
| #ifdef HAVE_UNISTD_H
| # include <unistd.h>
| #endif
| int
| main (void)
| {
| if (sizeof ((__int128)))
| 	    return 0;
|   ;
|   return 0;
| }
configure:20227: result: yes
configure:20235: checking for intmax_t
configure:20235: gcc -c -g -O2 -Wall -Wcast-qual -Wchar-subscripts -Wmissing-prototypes -Wmissing-declarations -Wno-error=attributes -Wno-error=cast-align -std=gnu99  conftest.c >&5
configure:20235: $? = 0
configure:20235: gcc -c -g -O2 -Wall -Wcast-qual -Wchar-subscripts -Wmissing-prototypes -Wmissing-declarations -Wno-error=attributes -Wno-error=cast-align -std=gnu99  conftest.c >&5
conftest.c: In function 'main':
conftest.c:58:23: error: expected expression before ')' token
   58 | if (sizeof ((intmax_t)))
      |                       ^
configure:20235: $? = 1
configure: failed program was:
| /* confdefs.h */
| #define PACKAGE_NAME "asn1c"
| #define PACKAGE_TARNAME "asn1c"
| #define PACKAGE_VERSION "0.9.29"
| #define PACKAGE_STRING "asn1c 0.9.29"
| #define PACKAGE_BUGREPORT "vlm@lionet.info"
| #define PACKAGE_URL ""
| #define PACKAGE "asn1c"
| #define VERSION "0.9.29"
| #define YYTEXT_POINTER 1
| #define HAVE_STDIO_H 1
| #define HAVE_STDLIB_H 1
| #define HAVE_STRING_H 1
| #define HAVE_INTTYPES_H 1
| #define HAVE_STDINT_H 1
| #define HAVE_STRINGS_H 1
| #define HAVE_SYS_STAT_H 1
| #define HAVE_SYS_TYPES_H 1
| #define HAVE_UNISTD_H 1
| #define STDC_HEADERS 1
| #define HAVE_DLFCN_H 1
| #define LT_OBJDIR ".libs/"
| #define HAVE_SYS_PARAM_H 1
| #define HAVE_NETINET_IN_H 1
| #define HAVE_128_BIT_INT 1
| /* end confdefs.h.  */
| #include <stddef.h>
| #ifdef HAVE_STDIO_H
| # include <stdio.h>
| #endif
| #ifdef HAVE_STDLIB_H
| # include <stdlib.h>
| #endif
| #ifdef HAVE_STRING_H
| # include <string.h>
| #endif
| #ifdef HAVE_INTTYPES_H
| # include <inttypes.h>
| #endif
| #ifdef HAVE_STDINT_H
| # include <stdint.h>
| #endif
| #ifdef HAVE_STRINGS_H
| # include <strings.h>
| #endif
| #ifdef HAVE_SYS_TYPES_H
| # include <sys/types.h>
| #endif
| #ifdef HAVE_SYS_STAT_H
| # include <sys/stat.h>
| #endif
| #ifdef HAVE_UNISTD_H
| # include <unistd.h>
| #endif
| int
| main (void)
| {
| if (sizeof ((intmax_t)))
| 	    return 0;
|   ;
|   return 0;
| }
configure:20235: result: yes
configure:20250: checking size of void *
configure:20256: gcc -o conftest -g -O2 -Wall -Wcast-qual -Wchar-subscripts -Wmissing-prototypes -Wmissing-declarations -Wno-error=attributes -Wno-error=cast-align -std=gnu99   conftest.c  >&5
configure:20256: $? = 0
configure:20256: ./conftest
configure:20256: $? = 0
configure:20271: result: 8
configure:20288: checking for library containing getopt
configure:20318: gcc -o conftest -g -O2 -Wall -Wcast-qual -Wchar-subscripts -Wmissing-prototypes -Wmissing-declarations -Wno-error=attributes -Wno-error=cast-align -std=gnu99   conftest.c  >&5
configure:20318: $? = 0
configure:20338: result: none required
configure:20348: checking for strtoimax
configure:20348: gcc -o conftest -g -O2 -Wall -Wcast-qual -Wchar-subscripts -Wmissing-prototypes -Wmissing-declarations -Wno-error=attributes -Wno-error=cast-align -std=gnu99   conftest.c  >&5
configure:20348: $? = 0
configure:20348: result: yes
configure:20354: checking for strtoll
configure:20354: gcc -o conftest -g -O2 -Wall -Wcast-qual -Wchar-subscripts -Wmissing-prototypes -Wmissing-declarations -Wno-error=attributes -Wno-error=cast-align -std=gnu99   conftest.c  >&5
configure:20354: $? = 0
configure:20354: result: yes
configure:20361: checking for mergesort
configure:20361: gcc -o conftest -g -O2 -Wall -Wcast-qual -Wchar-subscripts -Wmissing-prototypes -Wmissing-declarations -Wno-error=attributes -Wno-error=cast-align -std=gnu99   conftest.c  >&5
/usr/bin/ld: /tmp/cc3zzxlB.o: in function `main':
/home/suman/projects/stol/asn1c-new/conftest.c:57: undefined reference to `mergesort'
collect2: error: ld returned 1 exit status
configure:20361: $? = 1
configure: failed program was:
| /* confdefs.h */
| #define PACKAGE_NAME "asn1c"
| #define PACKAGE_TARNAME "asn1c"
| #define PACKAGE_VERSION "0.9.29"
| #define PACKAGE_STRING "asn1c 0.9.29"
| #define PACKAGE_BUGREPORT "vlm@lionet.info"
| #define PACKAGE_URL ""
| #define PACKAGE "asn1c"
| #define VERSION "0.9.29"
| #define YYTEXT_POINTER 1
| #define HAVE_STDIO_H 1
| #define HAVE_STDLIB_H 1
| #define HAVE_STRING_H 1
| #define HAVE_INTTYPES_H 1
| #define HAVE_STDINT_H 1
| #define HAVE_STRINGS_H 1
| #define HAVE_SYS_STAT_H 1
| #define HAVE_SYS_TYPES_H 1
| #define HAVE_UNISTD_H 1
| #define STDC_HEADERS 1
| #define HAVE_DLFCN_H 1
| #define LT_OBJDIR ".libs/"
| #define HAVE_SYS_PARAM_H 1
| #define HAVE_NETINET_IN_H 1
| #define HAVE_128_BIT_INT 1
| #define SIZEOF_VOID_P 8
| #define HAVE_STRTOIMAX 1
| #define HAVE_STRTOLL 1
| /* end confdefs.h.  */
| /* Define mergesort to an innocuous variant, in case <limits.h> declares mergesort.
|    For example, HP-UX 11i <limits.h> declares gettimeofday.  */
| #define mergesort innocuous_mergesort
| 
| /* System header to define __stub macros and hopefully few prototypes,
|    which can conflict with char mergesort (); below.  */
| 
| #include <limits.h>
| #undef mergesort
| 
| /* Override any GCC internal prototype to avoid an error.
|    Use char because int might match the return type of a GCC
|    builtin and then its argument prototype would still apply.  */
| #ifdef __cplusplus
| extern "C"
| #endif
| char mergesort ();
| /* The GNU C library defines this for functions which it implements
|     to always fail with ENOSYS.  Some functions are actually named
|     something starting with __ and the normal name is an alias.  */
| #if defined __stub_mergesort || defined __stub___mergesort
| choke me
| #endif
| 
| int
| main (void)
| {
| return mergesort ();
|   ;
|   return 0;
| }
configure:20361: result: no
configure:20368: checking for mkstemps
configure:20368: gcc -o conftest -g -O2 -Wall -Wcast-qual -Wchar-subscripts -Wmissing-prototypes -Wmissing-declarations -Wno-error=attributes -Wno-error=cast-align -std=gnu99   conftest.c  >&5
configure:20368: $? = 0
configure:20368: result: yes
configure:20375: checking for timegm
configure:20375: gcc -o conftest -g -O2 -Wall -Wcast-qual -Wchar-subscripts -Wmissing-prototypes -Wmissing-declarations -Wno-error=attributes -Wno-error=cast-align -std=gnu99   conftest.c  >&5
configure:20375: $? = 0
configure:20375: result: yes
configure:20382: checking for random
configure:20382: gcc -o conftest -g -O2 -Wall -Wcast-qual -Wchar-subscripts -Wmissing-prototypes -Wmissing-declarations -Wno-error=attributes -Wno-error=cast-align -std=gnu99   conftest.c  >&5
configure:20382: $? = 0
configure:20382: result: yes
configure:20389: checking for gcc options needed to detect all undeclared functions
configure:20411: gcc -c -g -O2 -Wall -Wcast-qual -Wchar-subscripts -Wmissing-prototypes -Wmissing-declarations -Wno-error=attributes -Wno-error=cast-align -std=gnu99   conftest.c >&5
conftest.c: In function 'main':
conftest.c:37:8: error: 'strchr' undeclared (first use in this function)
   37 | (void) strchr;
      |        ^~~~~~
conftest.c:1:1: note: 'strchr' is defined in header '<string.h>'; did you forget to '#include <string.h>'?
    1 | /* confdefs.h */
conftest.c:37:8: note: each undeclared identifier is reported only once for each function it appears in
   37 | (void) strchr;
      |        ^~~~~~
configure:20411: $? = 1
configure: failed program was:
| /* confdefs.h */
| #define PACKAGE_NAME "asn1c"
| #define PACKAGE_TARNAME "asn1c"
| #define PACKAGE_VERSION "0.9.29"
| #define PACKAGE_STRING "asn1c 0.9.29"
| #define PACKAGE_BUGREPORT "vlm@lionet.info"
| #define PACKAGE_URL ""
| #define PACKAGE "asn1c"
| #define VERSION "0.9.29"
| #define YYTEXT_POINTER 1
| #define HAVE_STDIO_H 1
| #define HAVE_STDLIB_H 1
| #define HAVE_STRING_H 1
| #define HAVE_INTTYPES_H 1
| #define HAVE_STDINT_H 1
| #define HAVE_STRINGS_H 1
| #define HAVE_SYS_STAT_H 1
| #define HAVE_SYS_TYPES_H 1
| #define HAVE_UNISTD_H 1
| #define STDC_HEADERS 1
| #define HAVE_DLFCN_H 1
| #define LT_OBJDIR ".libs/"
| #define HAVE_SYS_PARAM_H 1
| #define HAVE_NETINET_IN_H 1
| #define HAVE_128_BIT_INT 1
| #define SIZEOF_VOID_P 8
| #define HAVE_STRTOIMAX 1
| #define HAVE_STRTOLL 1
| #define HAVE_MKSTEMPS 1
| #define HAVE_TIMEGM 1
| #define HAVE_RANDOM 1
| /* end confdefs.h.  */
| 
| int
| main (void)
| {
| (void) strchr;
|   ;
|   return 0;
| }
configure:20438: gcc -c -g -O2 -Wall -Wcast-qual -Wchar-subscripts -Wmissing-prototypes -Wmissing-declarations -Wno-error=attributes -Wno-error=cast-align -std=gnu99   conftest.c >&5
configure:20438: $? = 0
configure:20455: result: none needed
configure:20469: checking whether strcasecmp is declared
configure:20469: gcc -c -g -O2 -Wall -Wcast-qual -Wchar-subscripts -Wmissing-prototypes -Wmissing-declarations -Wno-error=attributes -Wno-error=cast-align -std=gnu99   conftest.c >&5
configure:20469: $? = 0
configure:20469: result: yes
configure:20478: checking whether vasprintf is declared
configure:20478: gcc -c -g -O2 -Wall -Wcast-qual -Wchar-subscripts -Wmissing-prototypes -Wmissing-declarations -Wno-error=attributes -Wno-error=cast-align -std=gnu99   conftest.c >&5
conftest.c: In function 'main':
conftest.c:69:10: error: 'vasprintf' undeclared (first use in this function); did you mean 'vsprintf'?
   69 |   (void) vasprintf;
      |          ^~~~~~~~~
      |          vsprintf
conftest.c:69:10: note: each undeclared identifier is reported only once for each function it appears in
configure:20478: $? = 1
configure: failed program was:
| /* confdefs.h */
| #define PACKAGE_NAME "asn1c"
| #define PACKAGE_TARNAME "asn1c"
| #define PACKAGE_VERSION "0.9.29"
| #define PACKAGE_STRING "asn1c 0.9.29"
| #define PACKAGE_BUGREPORT "vlm@lionet.info"
| #define PACKAGE_URL ""
| #define PACKAGE "asn1c"
| #define VERSION "0.9.29"
| #define YYTEXT_POINTER 1
| #define HAVE_STDIO_H 1
| #define HAVE_STDLIB_H 1
| #define HAVE_STRING_H 1
| #define HAVE_INTTYPES_H 1
| #define HAVE_STDINT_H 1
| #define HAVE_STRINGS_H 1
| #define HAVE_SYS_STAT_H 1
| #define HAVE_SYS_TYPES_H 1
| #define HAVE_UNISTD_H 1
| #define STDC_HEADERS 1
| #define HAVE_DLFCN_H 1
| #define LT_OBJDIR ".libs/"
| #define HAVE_SYS_PARAM_H 1
| #define HAVE_NETINET_IN_H 1
| #define HAVE_128_BIT_INT 1
| #define SIZEOF_VOID_P 8
| #define HAVE_STRTOIMAX 1
| #define HAVE_STRTOLL 1
| #define HAVE_MKSTEMPS 1
| #define HAVE_TIMEGM 1
| #define HAVE_RANDOM 1
| #define HAVE_DECL_STRCASECMP 1
| /* end confdefs.h.  */
| #include <stddef.h>
| #ifdef HAVE_STDIO_H
| # include <stdio.h>
| #endif
| #ifdef HAVE_STDLIB_H
| # include <stdlib.h>
| #endif
| #ifdef HAVE_STRING_H
| # include <string.h>
| #endif
| #ifdef HAVE_INTTYPES_H
| # include <inttypes.h>
| #endif
| #ifdef HAVE_STDINT_H
| # include <stdint.h>
| #endif
| #ifdef HAVE_STRINGS_H
| # include <strings.h>
| #endif
| #ifdef HAVE_SYS_TYPES_H
| # include <sys/types.h>
| #endif
| #ifdef HAVE_SYS_STAT_H
| # include <sys/stat.h>
| #endif
| #ifdef HAVE_UNISTD_H
| # include <unistd.h>
| #endif
| int
| main (void)
| {
| #ifndef vasprintf
| #ifdef __cplusplus
|   (void) vasprintf;
| #else
|   (void) vasprintf;
| #endif
| #endif
| 
|   ;
|   return 0;
| }
configure:20478: result: no
configure:20502: gcc -o conftest -g -O2 -Wall -Wcast-qual -Wchar-subscripts -Wmissing-prototypes -Wmissing-declarations -Wno-error=attributes -Wno-error=cast-align -std=gnu99   conftest.c  >&5
configure:20502: $? = 0
configure:20513: checking for pandoc
configure:20551: result: no
configure:20668: checking that generated files are newer than configure
configure:20674: result: done
configure:20718: creating ./config.status

## ---------------------- ##
## Running config.status. ##
## ---------------------- ##

This file was extended by asn1c config.status 0.9.29, which was
generated by GNU Autoconf 2.71.  Invocation command line was

  CONFIG_FILES    = 
  CONFIG_HEADERS  = 
  CONFIG_LINKS    = 
  CONFIG_COMMANDS = 
  $ ./config.status 

on suman-VirtualBox

config.status:1308: creating tests/tests-c-compiler/check-src/Makefile
config.status:1308: creating tests/tests-asn1c-compiler/Makefile
config.status:1308: creating tests/tests-asn1c-smoke/Makefile
config.status:1308: creating tests/tests-randomized/Makefile
config.status:1308: creating tests/tests-c-compiler/Makefile
config.status:1308: creating tests/tests-skeletons/Makefile
config.status:1308: creating asn1-tools/enber/Makefile
config.status:1308: creating asn1-tools/unber/Makefile
config.status:1308: creating asn1-tools/Makefile
config.status:1308: creating libasn1compiler/Makefile
config.status:1308: creating libasn1common/Makefile
config.status:1308: creating libasn1parser/Makefile
config.status:1308: creating libasn1print/Makefile
config.status:1308: creating libasn1fix/Makefile
config.status:1308: creating doc/docsrc/Makefile
config.status:1308: creating skeletons/Makefile
config.status:1308: creating examples/Makefile
config.status:1308: creating doc/man/Makefile
config.status:1308: creating tests/Makefile
config.status:1308: creating asn1c/Makefile
config.status:1308: creating doc/Makefile
config.status:1308: creating Makefile
config.status:1308: creating config.h
config.status:1537: executing depfiles commands
config.status:1614: cd tests/tests-randomized       && sed -e '/# am--include-marker/d' Makefile         | make -f - am--depfiles
config.status:1619: $? = 0
config.status:1614: cd tests/tests-skeletons       && sed -e '/# am--include-marker/d' Makefile         | make -f - am--depfiles
config.status:1619: $? = 0
config.status:1614: cd asn1-tools/enber       && sed -e '/# am--include-marker/d' Makefile         | make -f - am--depfiles
config.status:1619: $? = 0
config.status:1614: cd asn1-tools/unber       && sed -e '/# am--include-marker/d' Makefile         | make -f - am--depfiles
config.status:1619: $? = 0
config.status:1614: cd libasn1compiler       && sed -e '/# am--include-marker/d' Makefile         | make -f - am--depfiles
config.status:1619: $? = 0
config.status:1614: cd libasn1common       && sed -e '/# am--include-marker/d' Makefile         | make -f - am--depfiles
config.status:1619: $? = 0
config.status:1614: cd libasn1parser       && sed -e '/# am--include-marker/d' Makefile         | make -f - am--depfiles
config.status:1619: $? = 0
config.status:1614: cd libasn1print       && sed -e '/# am--include-marker/d' Makefile         | make -f - am--depfiles
config.status:1619: $? = 0
config.status:1614: cd libasn1fix       && sed -e '/# am--include-marker/d' Makefile         | make -f - am--depfiles
config.status:1619: $? = 0
config.status:1614: cd skeletons       && sed -e '/# am--include-marker/d' Makefile         | make -f - am--depfiles
config.status:1619: $? = 0
config.status:1614: cd asn1c       && sed -e '/# am--include-marker/d' Makefile         | make -f - am--depfiles
config.status:1619: $? = 0
config.status:1537: executing libtool commands

## ---------------- ##
## Cache variables. ##
## ---------------- ##

ac_cv_build=x86_64-pc-linux-gnu
ac_cv_c_bigendian=no
ac_cv_c_compiler_gnu=yes
ac_cv_c_undeclared_builtin_options='none needed'
ac_cv_cxx_compiler_gnu=no
ac_cv_env_CCC_set=
ac_cv_env_CCC_value=
ac_cv_env_CC_set=
ac_cv_env_CC_value=
ac_cv_env_CFLAGS_set=
ac_cv_env_CFLAGS_value=
ac_cv_env_CPPFLAGS_set=
ac_cv_env_CPPFLAGS_value=
ac_cv_env_CPP_set=
ac_cv_env_CPP_value=
ac_cv_env_CXXCPP_set=
ac_cv_env_CXXCPP_value=
ac_cv_env_CXXFLAGS_set=
ac_cv_env_CXXFLAGS_value=
ac_cv_env_CXX_set=
ac_cv_env_CXX_value=
ac_cv_env_LDFLAGS_set=
ac_cv_env_LDFLAGS_value=
ac_cv_env_LIBS_set=
ac_cv_env_LIBS_value=
ac_cv_env_LT_SYS_LIBRARY_PATH_set=
ac_cv_env_LT_SYS_LIBRARY_PATH_value=
ac_cv_env_YACC_set=
ac_cv_env_YACC_value=
ac_cv_env_YFLAGS_set=
ac_cv_env_YFLAGS_value=
ac_cv_env_build_alias_set=
ac_cv_env_build_alias_value=
ac_cv_env_host_alias_set=
ac_cv_env_host_alias_value=
ac_cv_env_target_alias_set=
ac_cv_env_target_alias_value=
ac_cv_func_mergesort=no
ac_cv_func_mkstemps=yes
ac_cv_func_random=yes
ac_cv_func_strtoimax=yes
ac_cv_func_strtoll=yes
ac_cv_func_timegm=yes
ac_cv_have_decl_strcasecmp=yes
ac_cv_have_decl_vasprintf=no
ac_cv_header_dlfcn_h=yes
ac_cv_header_inttypes_h=yes
ac_cv_header_netinet_in_h=yes
ac_cv_header_stdint_h=yes
ac_cv_header_stdio_h=yes
ac_cv_header_stdlib_h=yes
ac_cv_header_string_h=yes
ac_cv_header_strings_h=yes
ac_cv_header_sys_param_h=yes
ac_cv_header_sys_stat_h=yes
ac_cv_header_sys_types_h=yes
ac_cv_header_unistd_h=yes
ac_cv_host=x86_64-pc-linux-gnu
ac_cv_lib_lex='none needed'
ac_cv_objext=o
ac_cv_path_EGREP='/usr/bin/grep -E'
ac_cv_path_FGREP='/usr/bin/grep -F'
ac_cv_path_GREP=/usr/bin/grep
ac_cv_path_SED=/usr/bin/sed
ac_cv_path_install='/usr/bin/install -c'
ac_cv_path_lt_DD=/usr/bin/dd
ac_cv_path_mkdir=/usr/bin/mkdir
ac_cv_prog_AWK=mawk
ac_cv_prog_CPP='gcc -E'
ac_cv_prog_LEX=flex
ac_cv_prog_YACC='bison -y'
ac_cv_prog_ac_ct_AR=ar
ac_cv_prog_ac_ct_CC=gcc
ac_cv_prog_ac_ct_MANIFEST_TOOL=mt
ac_cv_prog_ac_ct_OBJDUMP=objdump
ac_cv_prog_ac_ct_RANLIB=ranlib
ac_cv_prog_ac_ct_STRIP=strip
ac_cv_prog_cc_c11=
ac_cv_prog_cc_g=yes
ac_cv_prog_cc_stdc=
ac_cv_prog_cxx_11=no
ac_cv_prog_cxx_g=no
ac_cv_prog_cxx_stdcxx=
ac_cv_prog_lex_root=lex.yy
ac_cv_prog_lex_yytext_pointer=yes
ac_cv_prog_make_make_set=yes
ac_cv_search_getopt='none required'
ac_cv_search_yywrap=-ll
ac_cv_sizeof_void_p=8
ac_cv_struct_tm=time.h
ac_cv_sys_file_offset_bits=no
ac_cv_sys_largefile_CC=no
ac_cv_type___int128=yes
ac_cv_type_intmax_t=yes
ac_cv_type_off_t=yes
ac_cv_type_size_t=yes
am_cv_CC_dependencies_compiler_type=gcc3
am_cv_CXX_dependencies_compiler_type=none
am_cv_ar_interface=ar
am_cv_make_support_nested_variables=yes
am_cv_prog_cc_c_o=yes
am_cv_prog_tar_pax=gnutar
ax_cv_check_cclflags___fsanitize_address=yes
ax_cv_check_cclflags___fsanitize_nullability=no
ax_cv_check_cclflags___fsanitize_undefined=yes
ax_cv_check_cclflags___fsanitize_unsigned_integer_overflow=no
ax_cv_check_cflags__Werror__Wpedantic=yes
ax_cv_check_cflags___Wall=yes
ax_cv_check_cflags___Wcast_qual=yes
ax_cv_check_cflags___Wchar_subscripts=yes
ax_cv_check_cflags___Wmissing_declarations=yes
ax_cv_check_cflags___Wmissing_prototypes=yes
ax_cv_check_cflags___Wno_error_attributes=yes
ax_cv_check_cflags___Wno_error_cast_align=yes
ax_cv_check_cflags___Wno_error_parentheses_equality=no
ax_cv_check_cflags___Wno_error_unused_variable=yes
ax_cv_check_cflags___Wno_error_visibility=no
ax_cv_check_cflags___Wno_long_long=yes
ax_cv_check_cflags___fno_omit_frame_pointer=yes
ax_cv_check_cflags___fno_sanitize_recover_nullability=no
ax_cv_check_cflags___fno_sanitize_recover_undefined=yes
ax_cv_check_cflags___fno_sanitize_recover_unsigned_integer_overflow=no
ax_cv_check_cflags___std_c89=yes
ax_cv_check_cflags___std_gnu99=yes
lt_cv_ar_at_file=@
lt_cv_archive_cmds_need_lc=no
lt_cv_deplibs_check_method=pass_all
lt_cv_file_magic_cmd='$MAGIC_CMD'
lt_cv_file_magic_test_file=
lt_cv_ld_reload_flag=-r
lt_cv_nm_interface='BSD nm'
lt_cv_objdir=.libs
lt_cv_path_LD=/usr/bin/ld
lt_cv_path_NM='/usr/bin/nm -B'
lt_cv_path_mainfest_tool=no
lt_cv_prog_compiler_c_o=yes
lt_cv_prog_compiler_pic='-fPIC -DPIC'
lt_cv_prog_compiler_pic_works=yes
lt_cv_prog_compiler_rtti_exceptions=no
lt_cv_prog_compiler_static_works=yes
lt_cv_prog_gnu_ld=yes
lt_cv_sharedlib_from_linklib_cmd='printf %s\n'
lt_cv_shlibpath_overrides_runpath=yes
lt_cv_sys_global_symbol_pipe='sed -n -e '\''s/^.*[	 ]\([ABCDGIRSTW][ABCDGIRSTW]*\)[	 ][	 ]*\([_A-Za-z][_A-Za-z0-9]*\)$/\1 \2 \2/p'\'' | sed '\''/ __gnu_lto/d'\'''
lt_cv_sys_global_symbol_to_c_name_address='sed -n -e '\''s/^: \(.*\) .*$/  {"\1", (void *) 0},/p'\'' -e '\''s/^[ABCDGIRSTW][ABCDGIRSTW]* .* \(.*\)$/  {"\1", (void *) \&\1},/p'\'''
lt_cv_sys_global_symbol_to_c_name_address_lib_prefix='sed -n -e '\''s/^: \(.*\) .*$/  {"\1", (void *) 0},/p'\'' -e '\''s/^[ABCDGIRSTW][ABCDGIRSTW]* .* \(lib.*\)$/  {"\1", (void *) \&\1},/p'\'' -e '\''s/^[ABCDGIRSTW][ABCDGIRSTW]* .* \(.*\)$/  {"lib\1", (void *) \&\1},/p'\'''
lt_cv_sys_global_symbol_to_cdecl='sed -n -e '\''s/^T .* \(.*\)$/extern int \1();/p'\'' -e '\''s/^[ABCDGIRSTW][ABCDGIRSTW]* .* \(.*\)$/extern char \1;/p'\'''
lt_cv_sys_global_symbol_to_import=
lt_cv_sys_max_cmd_len=1572864
lt_cv_to_host_file_cmd=func_convert_file_noop
lt_cv_to_tool_file_cmd=func_convert_file_noop
lt_cv_truncate_bin='/usr/bin/dd bs=4096 count=1'

## ----------------- ##
## Output variables. ##
## ----------------- ##














	@echo "Need to reconfigure with --enable-code-coverage"
	@echo "Need to reconfigure with --enable-code-coverage"
 $(CODE_COVERAGE_IGNORE_PATTERN);
 $(CODE_COVERAGE_OUTPUT_FILE);
#
#
#    $(PACKAGE_NAME)-$(PACKAGE_VERSION)-coverage)
#    $(PACKAGE_NAME)-$(PACKAGE_VERSION)-coverage.info)
#    (Default: $(top_builddir))
#    (Default: empty)
#    Multiple directories may be specified, separated by whitespace.
#    by lcov for code coverage. (Default:
#    collecting lcov instance. (Default: $CODE_COVERAGE_LCOV_OPTIONS_GCOVPATH)
#    genhtml instance. (Default: based on $CODE_COVERAGE_BRANCH_COVERAGE)
#    instance. (Default: $CODE_COVERAGE_GENHTML_OPTIONS_DEFAULT)
#    instance. (Default: $CODE_COVERAGE_LCOV_OPTIONS_DEFAULT)
#    instance. (Default: $CODE_COVERAGE_LCOV_RMOPTS_DEFAULT)
#    instances. (Default: $CODE_COVERAGE_LCOV_SHOPTS_DEFAULT)
#    instances. (Default: based on $CODE_COVERAGE_BRANCH_COVERAGE)
#    lcov instance. (Default: empty)
#    reports to be created. (Default:
#    set to 0 to disable it and leave empty to stay with the default.
#  - CODE_COVERAGE_BRANCH_COVERAGE: Set to 1 to enforce branch coverage,
#  - CODE_COVERAGE_DIRECTORY: Top-level directory for code coverage reporting.
#  - CODE_COVERAGE_GENHTML_OPTIONS: Extra options to pass to the genhtml
#  - CODE_COVERAGE_GENHTML_OPTIONS_DEFAULT: Extra options to pass to the
#  - CODE_COVERAGE_IGNORE_PATTERN: Extra glob pattern of files to ignore
#  - CODE_COVERAGE_LCOV_OPTIONS: Extra options to pass to the collecting lcov
#  - CODE_COVERAGE_LCOV_OPTIONS_DEFAULT: Extra options to pass to the
#  - CODE_COVERAGE_LCOV_OPTIONS_GCOVPATH: --gcov-tool pathtogcov
#  - CODE_COVERAGE_LCOV_RMOPTS: Extra options to pass to the filtering lcov
#  - CODE_COVERAGE_LCOV_RMOPTS_DEFAULT: Extra options to pass to the filtering
#  - CODE_COVERAGE_LCOV_SHOPTS: Extra options to shared between both lcov
#  - CODE_COVERAGE_LCOV_SHOPTS_DEFAULT: Extra options shared between both lcov
#  - CODE_COVERAGE_OUTPUT_DIRECTORY: Directory for generated code coverage
#  - CODE_COVERAGE_OUTPUT_FILE: Filename and path for the .info file generated
# $(PACKAGE_VERSION). In order to add the current git hash to the title,
# Capture code coverage data
# Code coverage
# Hook rule executed before code-coverage-capture, overridable by the user
# Optional variables
# Optional:
# The generated report will be titled using the $(PACKAGE_NAME) and
# Use recursive makes in order to ignore errors during check
# sanitizes the test-name: replaces with underscores: dashes and dots
# use the git-version-gen script, available online.
$(if $(CODE_COVERAGE_BRANCH_COVERAGE),\
'
--rc genhtml_branch_coverage=$(CODE_COVERAGE_BRANCH_COVERAGE))
--rc lcov_branch_coverage=$(CODE_COVERAGE_BRANCH_COVERAGE))
.PHONY: check-code-coverage code-coverage-capture code-coverage-capture-hook code-coverage-clean
ACLOCAL='${SHELL} '\''/home/suman/projects/stol/asn1c-new/config/missing'\'' aclocal-1.16'
ADD_CFLAGS=''
AMDEPBACKSLASH='\'
AMDEP_FALSE='#'
AMDEP_TRUE=''
AMTAR='$${TAR-tar}'
AM_BACKSLASH='\'
AM_DEFAULT_V='$(AM_DEFAULT_VERBOSITY)'
AM_DEFAULT_VERBOSITY='0'
AM_DISTCHECK_CONFIGURE_FLAGS += --disable-code-coverage
AM_DISTCHECK_CONFIGURE_FLAGS ?=
AM_V='$(V)'
AR='ar'
ASAN_ENV_FLAGS=' ASAN_OPTIONS=detect_leaks=1'
AUTOCONF='${SHELL} '\''/home/suman/projects/stol/asn1c-new/config/missing'\'' autoconf'
AUTOHEADER='${SHELL} '\''/home/suman/projects/stol/asn1c-new/config/missing'\'' autoheader'
AUTOMAKE='${SHELL} '\''/home/suman/projects/stol/asn1c-new/config/missing'\'' automake-1.16'
AWK='mawk'
CC='gcc'
CCDEPMODE='depmode=gcc3'
CFLAGS='-g -O2 -Wall -Wcast-qual -Wchar-subscripts -Wmissing-prototypes -Wmissing-declarations -Wno-error=attributes -Wno-error=cast-align -std=gnu99'
CFLAGS_M32=''
CODE_COVERAGE_BRANCH_COVERAGE ?=
CODE_COVERAGE_CFLAGS=''
CODE_COVERAGE_CPPFLAGS=''
CODE_COVERAGE_CXXFLAGS=''
CODE_COVERAGE_DIRECTORY ?= $(top_builddir)
CODE_COVERAGE_ENABLED='no'
CODE_COVERAGE_ENABLED_FALSE=''
CODE_COVERAGE_ENABLED_TRUE='#'
CODE_COVERAGE_GENHTML_OPTIONS ?= $(CODE_COVERAGE_GENHTML_OPTIONS_DEFAULT)
CODE_COVERAGE_GENHTML_OPTIONS_DEFAULT ?=\
CODE_COVERAGE_IGNORE_PATTERN ?=
CODE_COVERAGE_LCOV_OPTIONS ?= $(CODE_COVERAGE_LCOV_OPTIONS_DEFAULT)
CODE_COVERAGE_LCOV_OPTIONS_DEFAULT ?= $(CODE_COVERAGE_LCOV_OPTIONS_GCOVPATH)
CODE_COVERAGE_LCOV_OPTIONS_GCOVPATH ?= --gcov-tool "$(GCOV)"
CODE_COVERAGE_LCOV_RMOPTS ?= $(CODE_COVERAGE_LCOV_RMOPTS_DEFAULT)
CODE_COVERAGE_LCOV_RMOPTS_DEFAULT ?=
CODE_COVERAGE_LCOV_SHOPTS ?= $(CODE_COVERAGE_LCOV_SHOPTS_DEFAULT)
CODE_COVERAGE_LCOV_SHOPTS_DEFAULT ?= $(if $(CODE_COVERAGE_BRANCH_COVERAGE),\
CODE_COVERAGE_LDFLAGS=''
CODE_COVERAGE_LIBS=''
CODE_COVERAGE_OUTPUT_DIRECTORY ?= $(PACKAGE_NAME)-$(PACKAGE_VERSION)-coverage
CODE_COVERAGE_OUTPUT_FILE ?= $(PACKAGE_NAME)-$(PACKAGE_VERSION)-coverage.info
CODE_COVERAGE_RULES='
CPP='gcc -E'
CPPFLAGS=''
CSCOPE='cscope'
CTAGS='ctags'
CXX='g++'
CXXCPP=''
CXXDEPMODE='depmode=none'
CXXFLAGS='-std=c++11'
CYGPATH_W='echo'
DEFS='-DHAVE_CONFIG_H'
DEPDIR='.deps'
DLLTOOL='false'
DSYMUTIL=''
DUMPBIN=''
ECHO_C=''
ECHO_N='-n'
ECHO_T=''
EGREP='/usr/bin/grep -E'
ETAGS='etags'
EXEEXT=''
EXPLICIT_M32_FALSE=''
EXPLICIT_M32_TRUE='#'
FGREP='/usr/bin/grep -F'
GCOV=''
GENHTML=''
GITIGNOREFILES += $(CODE_COVERAGE_OUTPUT_FILE) $(CODE_COVERAGE_OUTPUT_DIRECTORY)
GITIGNOREFILES ?=
GREP='/usr/bin/grep'
HAVE_PANDOC_FALSE=''
HAVE_PANDOC_TRUE='#'
INSTALL_DATA='${INSTALL} -m 644'
INSTALL_PROGRAM='${INSTALL}'
INSTALL_SCRIPT='${INSTALL}'
INSTALL_STRIP_PROGRAM='$(install_sh) -c -s'
LCOV=''
LD='/usr/bin/ld -m elf_x86_64'
LDFLAGS=''
LEX='flex'
LEXLIB='-ll '
LEX_OUTPUT_ROOT='lex.yy'
LIBFUZZER_CFLAGS=''
LIBOBJS=''
LIBS=''
LIBTOOL='$(SHELL) $(top_builddir)/libtool'
LIPO=''
LN_S='ln -s'
LTLIBOBJS=''
LT_SYS_LIBRARY_PATH=''
MAKEINFO='${SHELL} '\''/home/suman/projects/stol/asn1c-new/config/missing'\'' makeinfo'
MANIFEST_TOOL=':'
MKDIR_P='/usr/bin/mkdir -p'
NM='/usr/bin/nm -B'
NMEDIT=''
OBJDUMP='objdump'
OBJEXT='o'
OTOOL64=''
OTOOL=''
PACKAGE='asn1c'
PACKAGE_BUGREPORT='vlm@lionet.info'
PACKAGE_NAME='asn1c'
PACKAGE_STRING='asn1c 0.9.29'
PACKAGE_TARNAME='asn1c'
PACKAGE_URL=''
PACKAGE_VERSION='0.9.29'
PANDOC=''
PATH_SEPARATOR=':'
RANLIB='ranlib'
SANITIZER_CFLAGS=' -fsanitize=undefined -fno-sanitize-recover=undefined -fno-omit-frame-pointer -fsanitize=address -fno-omit-frame-pointer'
SED='/usr/bin/sed'
SET_MAKE=''
SHELL='/bin/bash'
SKELETONS_CFLAGS='  -std=c89 -Wpedantic -Wno-long-long  -fsanitize=undefined -fno-sanitize-recover=undefined -fno-omit-frame-pointer -fsanitize=address -fno-omit-frame-pointer'
STRIP='strip'
TESTSUITE_CFLAGS=' -std=gnu99 -Wno-error=unused-variable  -fsanitize=undefined -fno-sanitize-recover=undefined -fno-omit-frame-pointer -fsanitize=address -fno-omit-frame-pointer'
TEST_64BIT_FALSE='#'
TEST_64BIT_TRUE=''
VERSION='0.9.29'
YACC='bison -y'
YFLAGS=''
ac_ct_AR='ar'
ac_ct_CC='gcc'
ac_ct_CXX=''
ac_ct_DUMPBIN=''
am__EXEEXT_FALSE=''
am__EXEEXT_TRUE='#'
am__fastdepCC_FALSE='#'
am__fastdepCC_TRUE=''
am__fastdepCXX_FALSE=''
am__fastdepCXX_TRUE='#'
am__include='include'
am__isrc=''
am__leading_dot='.'
am__nodep='_no'
am__quote=''
am__tar='tar --format=posix -chf - "$$tardir"'
am__untar='tar -xf -'
bindir='${exec_prefix}/bin'
build='x86_64-pc-linux-gnu'
build_alias=''
build_cpu='x86_64'
build_os='linux-gnu'
build_vendor='pc'
check-code-coverage:
code-coverage-capture-hook:
code-coverage-capture: code-coverage-capture-hook
code_coverage_quiet = $(code_coverage_quiet_$(V))
code_coverage_quiet_ = $(code_coverage_quiet_$(AM_DEFAULT_VERBOSITY))
code_coverage_quiet_0 = --quiet
code_coverage_sanitize = $(subst -,_,$(subst .,_,$(1)))
code_coverage_v_genhtml = $(code_coverage_v_genhtml_$(V))
code_coverage_v_genhtml_ = $(code_coverage_v_genhtml_$(AM_DEFAULT_VERBOSITY))
code_coverage_v_genhtml_0 = @echo "  GEN   " $(CODE_COVERAGE_OUTPUT_DIRECTORY);
code_coverage_v_lcov_cap = $(code_coverage_v_lcov_cap_$(V))
code_coverage_v_lcov_cap_ = $(code_coverage_v_lcov_cap_$(AM_DEFAULT_VERBOSITY))
code_coverage_v_lcov_cap_0 = @echo "  LCOV   --capture"\
code_coverage_v_lcov_ign = $(code_coverage_v_lcov_ign_$(V))
code_coverage_v_lcov_ign_ = $(code_coverage_v_lcov_ign_$(AM_DEFAULT_VERBOSITY))
code_coverage_v_lcov_ign_0 = @echo "  LCOV   --remove /tmp/*"\
datadir='${datarootdir}'
datarootdir='${prefix}/share'
docdir='${datarootdir}/doc/${PACKAGE_TARNAME}'
dvidir='${docdir}'
exec_prefix='${prefix}'
host='x86_64-pc-linux-gnu'
host_alias=''
host_cpu='x86_64'
host_os='linux-gnu'
host_vendor='pc'
htmldir='${docdir}'
includedir='${prefix}/include'
infodir='${datarootdir}/info'
install_sh='${SHELL} /home/suman/projects/stol/asn1c-new/config/install-sh'
libdir='${exec_prefix}/lib'
libexecdir='${exec_prefix}/libexec'
localedir='${datarootdir}/locale'
localstatedir='${prefix}/var'
mandir='${datarootdir}/man'
mkdir_p='$(MKDIR_P)'
oldincludedir='/usr/include'
pdfdir='${docdir}'
prefix='/usr/local'
program_transform_name='s,x,x,'
psdir='${docdir}'
runstatedir='${localstatedir}/run'
sbindir='${exec_prefix}/sbin'
sharedstatedir='${prefix}/com'
sysconfdir='${prefix}/etc'
target_alias=''

## ----------- ##
## confdefs.h. ##
## ----------- ##

/* confdefs.h */
#define PACKAGE_NAME "asn1c"
#define PACKAGE_TARNAME "asn1c"
#define PACKAGE_VERSION "0.9.29"
#define PACKAGE_STRING "asn1c 0.9.29"
#define PACKAGE_BUGREPORT "vlm@lionet.info"
#define PACKAGE_URL ""
#define PACKAGE "asn1c"
#define VERSION "0.9.29"
#define YYTEXT_POINTER 1
#define HAVE_STDIO_H 1
#define HAVE_STDLIB_H 1
#define HAVE_STRING_H 1
#define HAVE_INTTYPES_H 1
#define HAVE_STDINT_H 1
#define HAVE_STRINGS_H 1
#define HAVE_SYS_STAT_H 1
#define HAVE_SYS_TYPES_H 1
#define HAVE_UNISTD_H 1
#define STDC_HEADERS 1
#define HAVE_DLFCN_H 1
#define LT_OBJDIR ".libs/"
#define HAVE_SYS_PARAM_H 1
#define HAVE_NETINET_IN_H 1
#define HAVE_128_BIT_INT 1
#define SIZEOF_VOID_P 8
#define HAVE_STRTOIMAX 1
#define HAVE_STRTOLL 1
#define HAVE_MKSTEMPS 1
#define HAVE_TIMEGM 1
#define HAVE_RANDOM 1
#define HAVE_DECL_STRCASECMP 1
#define HAVE_DECL_VASPRINTF 0
#define HAVE_SYMLINK 1

configure: exit 0
